  [1m[35m (1333.9ms)[0m  [1m[35mCREATE DATABASE "bank_development" ENCODING = 'unicode'[0m
  ↳ bin/rails:9
  [1m[35m (677.2ms)[0m  [1m[35mCREATE DATABASE "bank_test" ENCODING = 'unicode'[0m
  ↳ bin/rails:9
Started GET "/users/sign_in" for 127.0.0.1 at 2018-08-13 15:45:30 +0300
  
ActionController::RoutingError (No route matches [GET] "/users/sign_in"):
  
actionpack (5.2.1) lib/action_dispatch/middleware/debug_exceptions.rb:65:in `call'
web-console (3.6.2) lib/web_console/middleware.rb:135:in `call_app'
web-console (3.6.2) lib/web_console/middleware.rb:30:in `block in call'
web-console (3.6.2) lib/web_console/middleware.rb:20:in `catch'
web-console (3.6.2) lib/web_console/middleware.rb:20:in `call'
actionpack (5.2.1) lib/action_dispatch/middleware/show_exceptions.rb:33:in `call'
railties (5.2.1) lib/rails/rack/logger.rb:38:in `call_app'
railties (5.2.1) lib/rails/rack/logger.rb:26:in `block in call'
activesupport (5.2.1) lib/active_support/tagged_logging.rb:71:in `block in tagged'
activesupport (5.2.1) lib/active_support/tagged_logging.rb:28:in `tagged'
activesupport (5.2.1) lib/active_support/tagged_logging.rb:71:in `tagged'
railties (5.2.1) lib/rails/rack/logger.rb:26:in `call'
sprockets-rails (3.2.1) lib/sprockets/rails/quiet_assets.rb:13:in `call'
actionpack (5.2.1) lib/action_dispatch/middleware/remote_ip.rb:81:in `call'
actionpack (5.2.1) lib/action_dispatch/middleware/request_id.rb:27:in `call'
rack (2.0.5) lib/rack/method_override.rb:22:in `call'
rack (2.0.5) lib/rack/runtime.rb:22:in `call'
activesupport (5.2.1) lib/active_support/cache/strategy/local_cache_middleware.rb:29:in `call'
actionpack (5.2.1) lib/action_dispatch/middleware/executor.rb:14:in `call'
actionpack (5.2.1) lib/action_dispatch/middleware/static.rb:127:in `call'
rack (2.0.5) lib/rack/sendfile.rb:111:in `call'
railties (5.2.1) lib/rails/engine.rb:524:in `call'
puma (3.12.0) lib/puma/configuration.rb:225:in `call'
puma (3.12.0) lib/puma/server.rb:658:in `handle_request'
puma (3.12.0) lib/puma/server.rb:472:in `process_client'
puma (3.12.0) lib/puma/server.rb:332:in `block in run'
puma (3.12.0) lib/puma/thread_pool.rb:133:in `block in spawn_thread'
Started GET "/" for 127.0.0.1 at 2018-08-13 15:45:34 +0300
Processing by Rails::WelcomeController#index as HTML
  Rendering /home/vlada/.rvm/gems/ruby-2.4.0/gems/railties-5.2.1/lib/rails/templates/rails/welcome/index.html.erb
  Rendered /home/vlada/.rvm/gems/ruby-2.4.0/gems/railties-5.2.1/lib/rails/templates/rails/welcome/index.html.erb (2.0ms)
Completed 200 OK in 4ms (Views: 3.1ms | ActiveRecord: 0.0ms)


  [1m[35m (107.0ms)[0m  [1m[35mCREATE TABLE "schema_migrations" ("version" character varying NOT NULL PRIMARY KEY)[0m
  ↳ bin/rails:9
  [1m[35m (97.2ms)[0m  [1m[35mCREATE TABLE "ar_internal_metadata" ("key" character varying NOT NULL PRIMARY KEY, "value" character varying, "created_at" timestamp NOT NULL, "updated_at" timestamp NOT NULL)[0m
  ↳ bin/rails:9
  [1m[35m (0.7ms)[0m  [1m[34mSELECT "schema_migrations"."version" FROM "schema_migrations" ORDER BY "schema_migrations"."version" ASC[0m
  ↳ bin/rails:9
  [1m[35m (0.3ms)[0m  [1m[34mSELECT pg_try_advisory_lock(7798609168987932225)[0m
  ↳ /home/vlada/.rvm/gems/ruby-2.4.0/bin/rake:23
  [1m[35m (0.4ms)[0m  [1m[34mSELECT "schema_migrations"."version" FROM "schema_migrations" ORDER BY "schema_migrations"."version" ASC[0m
  ↳ /home/vlada/.rvm/gems/ruby-2.4.0/bin/rake:23
Migrating to CreateUsers (20180813124747)
  [1m[35m (0.3ms)[0m  [1m[35mBEGIN[0m
  ↳ /home/vlada/.rvm/gems/ruby-2.4.0/bin/rake:23
  [1m[35m (161.0ms)[0m  [1m[35mCREATE TABLE "users" ("id" bigserial primary key, "name" character varying, "email" character varying, "password" character varying, "created_at" timestamp NOT NULL, "updated_at" timestamp NOT NULL)[0m
  ↳ db/migrate/20180813124747_create_users.rb:3
  [1m[36mActiveRecord::SchemaMigration Create (1.0ms)[0m  [1m[32mINSERT INTO "schema_migrations" ("version") VALUES ($1) RETURNING "version"[0m  [["version", "20180813124747"]]
  ↳ /home/vlada/.rvm/gems/ruby-2.4.0/bin/rake:23
  [1m[35m (15.3ms)[0m  [1m[35mCOMMIT[0m
  ↳ /home/vlada/.rvm/gems/ruby-2.4.0/bin/rake:23
Migrating to CreateAccounts (20180813124841)
  [1m[35m (0.6ms)[0m  [1m[35mBEGIN[0m
  ↳ /home/vlada/.rvm/gems/ruby-2.4.0/bin/rake:23
  [1m[35m (87.0ms)[0m  [1m[35mCREATE TABLE "accounts" ("id" bigserial primary key, "user_id" bigint, "currency" character varying, "amount" decimal, "created_at" timestamp NOT NULL, "updated_at" timestamp NOT NULL, CONSTRAINT "fk_rails_b1e30bebc8"
FOREIGN KEY ("user_id")
  REFERENCES "users" ("id")
)[0m
  ↳ db/migrate/20180813124841_create_accounts.rb:3
  [1m[35m (38.0ms)[0m  [1m[35mCREATE  INDEX  "index_accounts_on_user_id" ON "accounts"  ("user_id")[0m
  ↳ db/migrate/20180813124841_create_accounts.rb:3
  [1m[36mActiveRecord::SchemaMigration Create (0.7ms)[0m  [1m[32mINSERT INTO "schema_migrations" ("version") VALUES ($1) RETURNING "version"[0m  [["version", "20180813124841"]]
  ↳ /home/vlada/.rvm/gems/ruby-2.4.0/bin/rake:23
  [1m[35m (19.8ms)[0m  [1m[35mCOMMIT[0m
  ↳ /home/vlada/.rvm/gems/ruby-2.4.0/bin/rake:23
  [1m[36mActiveRecord::InternalMetadata Load (0.9ms)[0m  [1m[34mSELECT  "ar_internal_metadata".* FROM "ar_internal_metadata" WHERE "ar_internal_metadata"."key" = $1 LIMIT $2[0m  [["key", "environment"], ["LIMIT", 1]]
  ↳ /home/vlada/.rvm/gems/ruby-2.4.0/bin/rake:23
  [1m[35m (0.4ms)[0m  [1m[35mBEGIN[0m
  ↳ /home/vlada/.rvm/gems/ruby-2.4.0/bin/rake:23
  [1m[36mActiveRecord::InternalMetadata Create (0.9ms)[0m  [1m[32mINSERT INTO "ar_internal_metadata" ("key", "value", "created_at", "updated_at") VALUES ($1, $2, $3, $4) RETURNING "key"[0m  [["key", "environment"], ["value", "development"], ["created_at", "2018-08-13 12:59:04.664060"], ["updated_at", "2018-08-13 12:59:04.664060"]]
  ↳ /home/vlada/.rvm/gems/ruby-2.4.0/bin/rake:23
  [1m[35m (2.5ms)[0m  [1m[35mCOMMIT[0m
  ↳ /home/vlada/.rvm/gems/ruby-2.4.0/bin/rake:23
  [1m[35m (0.5ms)[0m  [1m[34mSELECT pg_advisory_unlock(7798609168987932225)[0m
  ↳ /home/vlada/.rvm/gems/ruby-2.4.0/bin/rake:23
  [1m[35m (0.5ms)[0m  [1m[34mSELECT "schema_migrations"."version" FROM "schema_migrations" ORDER BY "schema_migrations"."version" ASC[0m
  ↳ /home/vlada/.rvm/gems/ruby-2.4.0/bin/rake:23
  [1m[35m (0.4ms)[0m  [1m[34mSELECT "schema_migrations"."version" FROM "schema_migrations" ORDER BY "schema_migrations"."version" ASC[0m
  ↳ bin/rails:9
  [1m[35m (0.5ms)[0m  [1m[34mSELECT "schema_migrations"."version" FROM "schema_migrations" ORDER BY "schema_migrations"."version" ASC[0m
  ↳ bin/rails:9
  [1m[35m (0.2ms)[0m  [1m[35mBEGIN[0m
  ↳ db/seeds.rb:4
  [1m[36mUser Create (0.5ms)[0m  [1m[32mINSERT INTO "users" ("created_at", "updated_at") VALUES ($1, $2) RETURNING "id"[0m  [["created_at", "2018-08-13 12:59:54.146922"], ["updated_at", "2018-08-13 12:59:54.146922"]]
  ↳ db/seeds.rb:4
  [1m[35m (13.9ms)[0m  [1m[35mCOMMIT[0m
  ↳ db/seeds.rb:4
  [1m[35m (0.5ms)[0m  [1m[35mBEGIN[0m
  ↳ db/seeds.rb:4
  [1m[36mUser Create (0.7ms)[0m  [1m[32mINSERT INTO "users" ("created_at", "updated_at") VALUES ($1, $2) RETURNING "id"[0m  [["created_at", "2018-08-13 12:59:54.164076"], ["updated_at", "2018-08-13 12:59:54.164076"]]
  ↳ db/seeds.rb:4
  [1m[35m (6.8ms)[0m  [1m[35mCOMMIT[0m
  ↳ db/seeds.rb:4
  [1m[35m (0.4ms)[0m  [1m[35mBEGIN[0m
  ↳ db/seeds.rb:4
  [1m[36mUser Create (0.8ms)[0m  [1m[32mINSERT INTO "users" ("created_at", "updated_at") VALUES ($1, $2) RETURNING "id"[0m  [["created_at", "2018-08-13 12:59:54.175116"], ["updated_at", "2018-08-13 12:59:54.175116"]]
  ↳ db/seeds.rb:4
  [1m[35m (6.6ms)[0m  [1m[35mCOMMIT[0m
  ↳ db/seeds.rb:4
  [1m[36mAccount Load (0.5ms)[0m  [1m[34mSELECT  "accounts".* FROM "accounts" ORDER BY "accounts"."id" ASC LIMIT $1[0m  [["LIMIT", 1]]
  [1m[36mUser Load (0.5ms)[0m  [1m[34mSELECT  "users".* FROM "users" ORDER BY "users"."id" ASC LIMIT $1[0m  [["LIMIT", 1]]
  [1m[35m (0.6ms)[0m  [1m[34mSELECT "schema_migrations"."version" FROM "schema_migrations" ORDER BY "schema_migrations"."version" ASC[0m
  ↳ bin/rails:9
  [1m[35m (0.2ms)[0m  [1m[35mBEGIN[0m
  ↳ db/seeds.rb:4
  [1m[36mUser Create (0.5ms)[0m  [1m[32mINSERT INTO "users" ("created_at", "updated_at") VALUES ($1, $2) RETURNING "id"[0m  [["created_at", "2018-08-13 13:00:53.979467"], ["updated_at", "2018-08-13 13:00:53.979467"]]
  ↳ db/seeds.rb:4
  [1m[35m (19.4ms)[0m  [1m[35mCOMMIT[0m
  ↳ db/seeds.rb:4
  [1m[35m (0.4ms)[0m  [1m[35mBEGIN[0m
  ↳ db/seeds.rb:4
  [1m[36mUser Create (0.7ms)[0m  [1m[32mINSERT INTO "users" ("created_at", "updated_at") VALUES ($1, $2) RETURNING "id"[0m  [["created_at", "2018-08-13 13:00:54.002205"], ["updated_at", "2018-08-13 13:00:54.002205"]]
  ↳ db/seeds.rb:4
  [1m[35m (6.7ms)[0m  [1m[35mCOMMIT[0m
  ↳ db/seeds.rb:4
  [1m[35m (0.5ms)[0m  [1m[35mBEGIN[0m
  ↳ db/seeds.rb:4
  [1m[36mUser Create (0.8ms)[0m  [1m[32mINSERT INTO "users" ("created_at", "updated_at") VALUES ($1, $2) RETURNING "id"[0m  [["created_at", "2018-08-13 13:00:54.013662"], ["updated_at", "2018-08-13 13:00:54.013662"]]
  ↳ db/seeds.rb:4
  [1m[35m (6.1ms)[0m  [1m[35mCOMMIT[0m
  ↳ db/seeds.rb:4
  [1m[35m (0.6ms)[0m  [1m[34mSELECT "schema_migrations"."version" FROM "schema_migrations" ORDER BY "schema_migrations"."version" ASC[0m
  ↳ /home/vlada/.rvm/gems/ruby-2.4.0/bin/rake:23
  [1m[35m (0.2ms)[0m  [1m[35mBEGIN[0m
  ↳ db/seeds.rb:4
  [1m[36mUser Create (0.4ms)[0m  [1m[32mINSERT INTO "users" ("created_at", "updated_at") VALUES ($1, $2) RETURNING "id"[0m  [["created_at", "2018-08-13 13:01:06.968928"], ["updated_at", "2018-08-13 13:01:06.968928"]]
  ↳ db/seeds.rb:4
  [1m[35m (20.1ms)[0m  [1m[35mCOMMIT[0m
  ↳ db/seeds.rb:4
  [1m[35m (0.4ms)[0m  [1m[35mBEGIN[0m
  ↳ db/seeds.rb:4
  [1m[36mUser Create (0.8ms)[0m  [1m[32mINSERT INTO "users" ("created_at", "updated_at") VALUES ($1, $2) RETURNING "id"[0m  [["created_at", "2018-08-13 13:01:06.992128"], ["updated_at", "2018-08-13 13:01:06.992128"]]
  ↳ db/seeds.rb:4
  [1m[35m (6.8ms)[0m  [1m[35mCOMMIT[0m
  ↳ db/seeds.rb:4
  [1m[35m (0.4ms)[0m  [1m[35mBEGIN[0m
  ↳ db/seeds.rb:4
  [1m[36mUser Create (0.9ms)[0m  [1m[32mINSERT INTO "users" ("created_at", "updated_at") VALUES ($1, $2) RETURNING "id"[0m  [["created_at", "2018-08-13 13:01:07.003553"], ["updated_at", "2018-08-13 13:01:07.003553"]]
  ↳ db/seeds.rb:4
  [1m[35m (6.1ms)[0m  [1m[35mCOMMIT[0m
  ↳ db/seeds.rb:4
  [1m[36mUser Load (1.0ms)[0m  [1m[34mSELECT  "users".* FROM "users" ORDER BY "users"."id" ASC LIMIT $1[0m  [["LIMIT", 1]]
  [1m[36mUser Load (0.4ms)[0m  [1m[34mSELECT  "users".* FROM "users" LIMIT $1[0m  [["LIMIT", 11]]
  [1m[36mUser Destroy (43.2ms)[0m  [1m[31mDELETE FROM "users"[0m
  [1m[35m (0.6ms)[0m  [1m[34mSELECT "schema_migrations"."version" FROM "schema_migrations" ORDER BY "schema_migrations"."version" ASC[0m
  ↳ bin/rails:9
  [1m[35m (0.3ms)[0m  [1m[35mBEGIN[0m
  ↳ db/seeds.rb:4
  [1m[36mUser Create (0.5ms)[0m  [1m[32mINSERT INTO "users" ("name", "password", "created_at", "updated_at") VALUES ($1, $2, $3, $4) RETURNING "id"[0m  [["name", "Volodymyr"], ["password", "mypass"], ["created_at", "2018-08-13 13:04:34.078805"], ["updated_at", "2018-08-13 13:04:34.078805"]]
  ↳ db/seeds.rb:4
  [1m[35m (15.4ms)[0m  [1m[35mCOMMIT[0m
  ↳ db/seeds.rb:4
  [1m[35m (0.2ms)[0m  [1m[35mBEGIN[0m
  ↳ db/seeds.rb:8
  [1m[36mUser Load (0.3ms)[0m  [1m[34mSELECT  "users".* FROM "users" WHERE "users"."id" = $1 LIMIT $2[0m  [["id", 10], ["LIMIT", 1]]
  ↳ db/seeds.rb:8
  [1m[36mAccount Create (0.7ms)[0m  [1m[32mINSERT INTO "accounts" ("user_id", "currency", "created_at", "updated_at") VALUES ($1, $2, $3, $4) RETURNING "id"[0m  [["user_id", 10], ["currency", "uah"], ["created_at", "2018-08-13 13:04:34.129833"], ["updated_at", "2018-08-13 13:04:34.129833"]]
  ↳ db/seeds.rb:8
  [1m[35m (8.7ms)[0m  [1m[35mCOMMIT[0m
  ↳ db/seeds.rb:8
  [1m[35m (0.3ms)[0m  [1m[35mBEGIN[0m
  ↳ db/seeds.rb:8
  [1m[36mUser Load (0.7ms)[0m  [1m[34mSELECT  "users".* FROM "users" WHERE "users"."id" = $1 LIMIT $2[0m  [["id", 10], ["LIMIT", 1]]
  ↳ db/seeds.rb:8
  [1m[36mAccount Create (0.8ms)[0m  [1m[32mINSERT INTO "accounts" ("user_id", "currency", "created_at", "updated_at") VALUES ($1, $2, $3, $4) RETURNING "id"[0m  [["user_id", 10], ["currency", "usd"], ["created_at", "2018-08-13 13:04:34.144044"], ["updated_at", "2018-08-13 13:04:34.144044"]]
  ↳ db/seeds.rb:8
  [1m[35m (4.9ms)[0m  [1m[35mCOMMIT[0m
  ↳ db/seeds.rb:8
  [1m[35m (0.2ms)[0m  [1m[35mBEGIN[0m
  ↳ db/seeds.rb:4
  [1m[36mUser Create (0.4ms)[0m  [1m[32mINSERT INTO "users" ("name", "password", "created_at", "updated_at") VALUES ($1, $2, $3, $4) RETURNING "id"[0m  [["name", "Iryna"], ["password", "ho#ll_§1"], ["created_at", "2018-08-13 13:04:34.152146"], ["updated_at", "2018-08-13 13:04:34.152146"]]
  ↳ db/seeds.rb:4
  [1m[35m (8.8ms)[0m  [1m[35mCOMMIT[0m
  ↳ db/seeds.rb:4
  [1m[35m (0.3ms)[0m  [1m[35mBEGIN[0m
  ↳ db/seeds.rb:8
  [1m[36mUser Load (0.6ms)[0m  [1m[34mSELECT  "users".* FROM "users" WHERE "users"."id" = $1 LIMIT $2[0m  [["id", 11], ["LIMIT", 1]]
  ↳ db/seeds.rb:8
  [1m[36mAccount Create (0.9ms)[0m  [1m[32mINSERT INTO "accounts" ("user_id", "currency", "created_at", "updated_at") VALUES ($1, $2, $3, $4) RETURNING "id"[0m  [["user_id", 11], ["currency", "uah"], ["created_at", "2018-08-13 13:04:34.166603"], ["updated_at", "2018-08-13 13:04:34.166603"]]
  ↳ db/seeds.rb:8
  [1m[35m (4.1ms)[0m  [1m[35mCOMMIT[0m
  ↳ db/seeds.rb:8
  [1m[35m (0.3ms)[0m  [1m[35mBEGIN[0m
  ↳ db/seeds.rb:8
  [1m[36mUser Load (0.6ms)[0m  [1m[34mSELECT  "users".* FROM "users" WHERE "users"."id" = $1 LIMIT $2[0m  [["id", 11], ["LIMIT", 1]]
  ↳ db/seeds.rb:8
  [1m[36mAccount Create (0.9ms)[0m  [1m[32mINSERT INTO "accounts" ("user_id", "currency", "created_at", "updated_at") VALUES ($1, $2, $3, $4) RETURNING "id"[0m  [["user_id", 11], ["currency", "usd"], ["created_at", "2018-08-13 13:04:34.177657"], ["updated_at", "2018-08-13 13:04:34.177657"]]
  ↳ db/seeds.rb:8
  [1m[35m (4.1ms)[0m  [1m[35mCOMMIT[0m
  ↳ db/seeds.rb:8
  [1m[35m (0.2ms)[0m  [1m[35mBEGIN[0m
  ↳ db/seeds.rb:4
  [1m[36mUser Create (0.4ms)[0m  [1m[32mINSERT INTO "users" ("name", "password", "created_at", "updated_at") VALUES ($1, $2, $3, $4) RETURNING "id"[0m  [["name", "Bohdan"], ["password", "p1v0rakru1eZZ!"], ["created_at", "2018-08-13 13:04:34.185946"], ["updated_at", "2018-08-13 13:04:34.185946"]]
  ↳ db/seeds.rb:4
  [1m[35m (8.1ms)[0m  [1m[35mCOMMIT[0m
  ↳ db/seeds.rb:4
  [1m[35m (0.7ms)[0m  [1m[35mBEGIN[0m
  ↳ db/seeds.rb:8
  [1m[36mUser Load (0.7ms)[0m  [1m[34mSELECT  "users".* FROM "users" WHERE "users"."id" = $1 LIMIT $2[0m  [["id", 12], ["LIMIT", 1]]
  ↳ db/seeds.rb:8
  [1m[36mAccount Create (1.3ms)[0m  [1m[32mINSERT INTO "accounts" ("user_id", "currency", "created_at", "updated_at") VALUES ($1, $2, $3, $4) RETURNING "id"[0m  [["user_id", 12], ["currency", "uah"], ["created_at", "2018-08-13 13:04:34.200860"], ["updated_at", "2018-08-13 13:04:34.200860"]]
  ↳ db/seeds.rb:8
  [1m[35m (2.5ms)[0m  [1m[35mCOMMIT[0m
  ↳ db/seeds.rb:8
  [1m[35m (0.5ms)[0m  [1m[35mBEGIN[0m
  ↳ db/seeds.rb:8
  [1m[36mUser Load (0.8ms)[0m  [1m[34mSELECT  "users".* FROM "users" WHERE "users"."id" = $1 LIMIT $2[0m  [["id", 12], ["LIMIT", 1]]
  ↳ db/seeds.rb:8
  [1m[36mAccount Create (0.9ms)[0m  [1m[32mINSERT INTO "accounts" ("user_id", "currency", "created_at", "updated_at") VALUES ($1, $2, $3, $4) RETURNING "id"[0m  [["user_id", 12], ["currency", "usd"], ["created_at", "2018-08-13 13:04:34.212339"], ["updated_at", "2018-08-13 13:04:34.212339"]]
  ↳ db/seeds.rb:8
  [1m[35m (2.9ms)[0m  [1m[35mCOMMIT[0m
  ↳ db/seeds.rb:8
  [1m[36mUser Load (0.4ms)[0m  [1m[34mSELECT  "users".* FROM "users" LIMIT $1[0m  [["LIMIT", 11]]
  [1m[35m (0.3ms)[0m  [1m[34mSELECT pg_try_advisory_lock(7798609168987932225)[0m
  ↳ /home/vlada/.rvm/gems/ruby-2.4.0/bin/rake:23
  [1m[35m (0.5ms)[0m  [1m[34mSELECT "schema_migrations"."version" FROM "schema_migrations" ORDER BY "schema_migrations"."version" ASC[0m
  ↳ /home/vlada/.rvm/gems/ruby-2.4.0/bin/rake:23
Migrating to AddDeviseToUsers (20180813134039)
  [1m[35m (0.3ms)[0m  [1m[35mBEGIN[0m
  ↳ /home/vlada/.rvm/gems/ruby-2.4.0/bin/rake:23
  [1m[35m (1.1ms)[0m  [1m[35mALTER TABLE "users" ADD "email" character varying DEFAULT '' NOT NULL[0m
  ↳ db/migrate/20180813134039_add_devise_to_users.rb:7
  [1m[35m (0.6ms)[0m  [1m[31mROLLBACK[0m
  ↳ /home/vlada/.rvm/gems/ruby-2.4.0/bin/rake:23
  [1m[35m (0.2ms)[0m  [1m[34mSELECT pg_advisory_unlock(7798609168987932225)[0m
  ↳ /home/vlada/.rvm/gems/ruby-2.4.0/bin/rake:23
  [1m[35m (0.3ms)[0m  [1m[34mSELECT pg_try_advisory_lock(7798609168987932225)[0m
  ↳ /home/vlada/.rvm/gems/ruby-2.4.0/bin/rake:23
  [1m[35m (0.6ms)[0m  [1m[34mSELECT "schema_migrations"."version" FROM "schema_migrations" ORDER BY "schema_migrations"."version" ASC[0m
  ↳ /home/vlada/.rvm/gems/ruby-2.4.0/bin/rake:23
Migrating to AddDeviseToUsers (20180813134039)
  [1m[35m (0.2ms)[0m  [1m[35mBEGIN[0m
  ↳ /home/vlada/.rvm/gems/ruby-2.4.0/bin/rake:23
  [1m[35m (159.3ms)[0m  [1m[35mALTER TABLE "users" ADD "encrypted_password" character varying DEFAULT '' NOT NULL[0m
  ↳ db/migrate/20180813134039_add_devise_to_users.rb:8
  [1m[35m (1.0ms)[0m  [1m[35mALTER TABLE "users" ADD "reset_password_token" character varying[0m
  ↳ db/migrate/20180813134039_add_devise_to_users.rb:11
  [1m[35m (0.9ms)[0m  [1m[35mALTER TABLE "users" ADD "reset_password_sent_at" timestamp[0m
  ↳ db/migrate/20180813134039_add_devise_to_users.rb:12
  [1m[35m (0.8ms)[0m  [1m[35mALTER TABLE "users" ADD "remember_created_at" timestamp[0m
  ↳ db/migrate/20180813134039_add_devise_to_users.rb:15
  [1m[35m (126.6ms)[0m  [1m[35mALTER TABLE "users" ADD "sign_in_count" integer DEFAULT 0 NOT NULL[0m
  ↳ db/migrate/20180813134039_add_devise_to_users.rb:18
  [1m[35m (1.2ms)[0m  [1m[35mALTER TABLE "users" ADD "current_sign_in_at" timestamp[0m
  ↳ db/migrate/20180813134039_add_devise_to_users.rb:19
  [1m[35m (1.1ms)[0m  [1m[35mALTER TABLE "users" ADD "last_sign_in_at" timestamp[0m
  ↳ db/migrate/20180813134039_add_devise_to_users.rb:20
  [1m[35m (1.1ms)[0m  [1m[35mALTER TABLE "users" ADD "current_sign_in_ip" inet[0m
  ↳ db/migrate/20180813134039_add_devise_to_users.rb:21
  [1m[35m (1.3ms)[0m  [1m[35mALTER TABLE "users" ADD "last_sign_in_ip" inet[0m
  ↳ db/migrate/20180813134039_add_devise_to_users.rb:22
  [1m[35m (1.5ms)[0m  [1m[35mALTER TABLE "users" ADD "unconfirmed_email" character varying[0m
  ↳ db/migrate/20180813134039_add_devise_to_users.rb:28
  [1m[35m (44.9ms)[0m  [1m[35mCREATE UNIQUE INDEX  "index_users_on_email" ON "users"  ("email")[0m
  ↳ db/migrate/20180813134039_add_devise_to_users.rb:40
  [1m[35m (49.0ms)[0m  [1m[35mCREATE UNIQUE INDEX  "index_users_on_reset_password_token" ON "users"  ("reset_password_token")[0m
  ↳ db/migrate/20180813134039_add_devise_to_users.rb:41
  [1m[36mActiveRecord::SchemaMigration Create (1.2ms)[0m  [1m[32mINSERT INTO "schema_migrations" ("version") VALUES ($1) RETURNING "version"[0m  [["version", "20180813134039"]]
  ↳ /home/vlada/.rvm/gems/ruby-2.4.0/bin/rake:23
  [1m[35m (24.3ms)[0m  [1m[35mCOMMIT[0m
  ↳ /home/vlada/.rvm/gems/ruby-2.4.0/bin/rake:23
  [1m[36mActiveRecord::InternalMetadata Load (1.3ms)[0m  [1m[34mSELECT  "ar_internal_metadata".* FROM "ar_internal_metadata" WHERE "ar_internal_metadata"."key" = $1 LIMIT $2[0m  [["key", "environment"], ["LIMIT", 1]]
  ↳ /home/vlada/.rvm/gems/ruby-2.4.0/bin/rake:23
  [1m[35m (0.5ms)[0m  [1m[35mBEGIN[0m
  ↳ /home/vlada/.rvm/gems/ruby-2.4.0/bin/rake:23
  [1m[35m (0.4ms)[0m  [1m[35mCOMMIT[0m
  ↳ /home/vlada/.rvm/gems/ruby-2.4.0/bin/rake:23
  [1m[35m (0.4ms)[0m  [1m[34mSELECT pg_advisory_unlock(7798609168987932225)[0m
  ↳ /home/vlada/.rvm/gems/ruby-2.4.0/bin/rake:23
  [1m[35m (0.4ms)[0m  [1m[34mSELECT "schema_migrations"."version" FROM "schema_migrations" ORDER BY "schema_migrations"."version" ASC[0m
  ↳ /home/vlada/.rvm/gems/ruby-2.4.0/bin/rake:23
  [1m[36mUser Load (0.7ms)[0m  [1m[34mSELECT  "users".* FROM "users" ORDER BY "users"."id" ASC LIMIT $1[0m  [["LIMIT", 1]]
Started GET "/categories" for 127.0.0.1 at 2018-08-13 16:53:02 +0300
  [1m[35m (0.8ms)[0m  [1m[34mSELECT "schema_migrations"."version" FROM "schema_migrations" ORDER BY "schema_migrations"."version" ASC[0m
  ↳ /home/vlada/.rvm/gems/ruby-2.4.0/gems/activerecord-5.2.1/lib/active_record/log_subscriber.rb:98
  
ActionController::RoutingError (No route matches [GET] "/categories"):
  
actionpack (5.2.1) lib/action_dispatch/middleware/debug_exceptions.rb:65:in `call'
web-console (3.6.2) lib/web_console/middleware.rb:135:in `call_app'
web-console (3.6.2) lib/web_console/middleware.rb:30:in `block in call'
web-console (3.6.2) lib/web_console/middleware.rb:20:in `catch'
web-console (3.6.2) lib/web_console/middleware.rb:20:in `call'
actionpack (5.2.1) lib/action_dispatch/middleware/show_exceptions.rb:33:in `call'
railties (5.2.1) lib/rails/rack/logger.rb:38:in `call_app'
railties (5.2.1) lib/rails/rack/logger.rb:26:in `block in call'
activesupport (5.2.1) lib/active_support/tagged_logging.rb:71:in `block in tagged'
activesupport (5.2.1) lib/active_support/tagged_logging.rb:28:in `tagged'
activesupport (5.2.1) lib/active_support/tagged_logging.rb:71:in `tagged'
railties (5.2.1) lib/rails/rack/logger.rb:26:in `call'
sprockets-rails (3.2.1) lib/sprockets/rails/quiet_assets.rb:13:in `call'
actionpack (5.2.1) lib/action_dispatch/middleware/remote_ip.rb:81:in `call'
actionpack (5.2.1) lib/action_dispatch/middleware/request_id.rb:27:in `call'
rack (2.0.5) lib/rack/method_override.rb:22:in `call'
rack (2.0.5) lib/rack/runtime.rb:22:in `call'
activesupport (5.2.1) lib/active_support/cache/strategy/local_cache_middleware.rb:29:in `call'
actionpack (5.2.1) lib/action_dispatch/middleware/executor.rb:14:in `call'
actionpack (5.2.1) lib/action_dispatch/middleware/static.rb:127:in `call'
rack (2.0.5) lib/rack/sendfile.rb:111:in `call'
railties (5.2.1) lib/rails/engine.rb:524:in `call'
puma (3.12.0) lib/puma/configuration.rb:225:in `call'
puma (3.12.0) lib/puma/server.rb:658:in `handle_request'
puma (3.12.0) lib/puma/server.rb:472:in `process_client'
puma (3.12.0) lib/puma/server.rb:332:in `block in run'
puma (3.12.0) lib/puma/thread_pool.rb:133:in `block in spawn_thread'
Started GET "/" for 127.0.0.1 at 2018-08-13 16:53:06 +0300
Processing by AccountsController#index as HTML
Completed 401 Unauthorized in 7ms (ActiveRecord: 0.0ms)


Started GET "/users/sign_in" for 127.0.0.1 at 2018-08-13 16:53:06 +0300
Processing by Devise::SessionsController#new as HTML
  Rendering /home/vlada/.rvm/gems/ruby-2.4.0/gems/devise-4.4.3/app/views/devise/sessions/new.html.erb within layouts/application
  Rendered /home/vlada/.rvm/gems/ruby-2.4.0/gems/devise-4.4.3/app/views/devise/shared/_links.html.erb (1.8ms)
  Rendered /home/vlada/.rvm/gems/ruby-2.4.0/gems/devise-4.4.3/app/views/devise/sessions/new.html.erb within layouts/application (17.1ms)
Completed 200 OK in 1131ms (Views: 1102.9ms | ActiveRecord: 5.0ms)


Started GET "/users/sign_up" for 127.0.0.1 at 2018-08-13 16:54:11 +0300
Processing by Devise::RegistrationsController#new as HTML
  Rendering /home/vlada/.rvm/gems/ruby-2.4.0/gems/devise-4.4.3/app/views/devise/registrations/new.html.erb within layouts/application
  Rendered /home/vlada/.rvm/gems/ruby-2.4.0/gems/devise-4.4.3/app/views/devise/shared/_links.html.erb (4.6ms)
  Rendered /home/vlada/.rvm/gems/ruby-2.4.0/gems/devise-4.4.3/app/views/devise/registrations/new.html.erb within layouts/application (19.2ms)
Completed 200 OK in 194ms (Views: 189.6ms | ActiveRecord: 0.0ms)


  [1m[36mUser Load (0.7ms)[0m  [1m[34mSELECT  "users".* FROM "users" ORDER BY "users"."id" ASC LIMIT $1[0m  [["LIMIT", 1]]
  [1m[36mUser Load (1.1ms)[0m  [1m[34mSELECT  "users".* FROM "users" ORDER BY "users"."id" ASC LIMIT $1[0m  [["LIMIT", 1]]
  [1m[36mUser Load (1.6ms)[0m  [1m[34mSELECT  "users".* FROM "users" ORDER BY "users"."id" ASC LIMIT $1[0m  [["LIMIT", 1]]
  [1m[35m (0.8ms)[0m  [1m[35mBEGIN[0m
  [1m[36mUser Exists (0.8ms)[0m  [1m[34mSELECT  1 AS one FROM "users" WHERE "users"."email" = $1 AND "users"."id" != $2 LIMIT $3[0m  [["email", "vova@icloud.com"], ["id", 10], ["LIMIT", 1]]
  [1m[36mUser Update (0.6ms)[0m  [1m[33mUPDATE "users" SET "email" = $1, "updated_at" = $2 WHERE "users"."id" = $3[0m  [["email", "vova@icloud.com"], ["updated_at", "2018-08-13 13:55:56.857459"], ["id", 10]]
  [1m[35m (10.3ms)[0m  [1m[35mCOMMIT[0m
Started GET "/users/sign_up" for 127.0.0.1 at 2018-08-13 17:14:10 +0300
Processing by Devise::RegistrationsController#new as HTML
  Rendering /home/vlada/.rvm/gems/ruby-2.4.0/gems/devise-4.4.3/app/views/devise/registrations/new.html.erb within layouts/application
  Rendered /home/vlada/.rvm/gems/ruby-2.4.0/gems/devise-4.4.3/app/views/devise/shared/_links.html.erb (0.8ms)
  Rendered /home/vlada/.rvm/gems/ruby-2.4.0/gems/devise-4.4.3/app/views/devise/registrations/new.html.erb within layouts/application (3.5ms)
Completed 200 OK in 21ms (Views: 19.7ms | ActiveRecord: 0.0ms)


Started GET "/users/sign_in" for 127.0.0.1 at 2018-08-13 17:14:14 +0300
Processing by Devise::SessionsController#new as HTML
  Rendering /home/vlada/.rvm/gems/ruby-2.4.0/gems/devise-4.4.3/app/views/devise/sessions/new.html.erb within layouts/application
  Rendered /home/vlada/.rvm/gems/ruby-2.4.0/gems/devise-4.4.3/app/views/devise/shared/_links.html.erb (1.5ms)
  Rendered /home/vlada/.rvm/gems/ruby-2.4.0/gems/devise-4.4.3/app/views/devise/sessions/new.html.erb within layouts/application (7.3ms)
Completed 200 OK in 39ms (Views: 36.8ms | ActiveRecord: 0.0ms)


Started POST "/users/sign_in" for 127.0.0.1 at 2018-08-13 17:14:32 +0300
Processing by Devise::SessionsController#create as HTML
  Parameters: {"utf8"=>"✓", "authenticity_token"=>"J8/BHu6lS4DmfZfJtw9MqU4GMhmnDpJhIkx4ELlRYHNbdafH7cmTzBwExhYzw/2AcmJTlR2Cef0qZ7asHrlKSg==", "user"=>{"email"=>"vova@icloud.com", "password"=>"[FILTERED]", "remember_me"=>"0"}, "commit"=>"Log in"}
  [1m[36mUser Load (1.0ms)[0m  [1m[34mSELECT  "users".* FROM "users" WHERE "users"."email" = $1 ORDER BY "users"."id" ASC LIMIT $2[0m  [["email", "vova@icloud.com"], ["LIMIT", 1]]
  ↳ /home/vlada/.rvm/gems/ruby-2.4.0/gems/activerecord-5.2.1/lib/active_record/log_subscriber.rb:98
Completed 401 Unauthorized in 190ms (ActiveRecord: 1.0ms)


Processing by Devise::SessionsController#new as HTML
  Parameters: {"utf8"=>"✓", "authenticity_token"=>"J8/BHu6lS4DmfZfJtw9MqU4GMhmnDpJhIkx4ELlRYHNbdafH7cmTzBwExhYzw/2AcmJTlR2Cef0qZ7asHrlKSg==", "user"=>{"email"=>"vova@icloud.com", "password"=>"[FILTERED]", "remember_me"=>"0"}, "commit"=>"Log in"}
  Rendering /home/vlada/.rvm/gems/ruby-2.4.0/gems/devise-4.4.3/app/views/devise/sessions/new.html.erb within layouts/application
  Rendered /home/vlada/.rvm/gems/ruby-2.4.0/gems/devise-4.4.3/app/views/devise/shared/_links.html.erb (0.8ms)
  Rendered /home/vlada/.rvm/gems/ruby-2.4.0/gems/devise-4.4.3/app/views/devise/sessions/new.html.erb within layouts/application (3.5ms)
Completed 200 OK in 165ms (Views: 20.0ms | ActiveRecord: 0.0ms)


Started POST "/users/sign_in" for 127.0.0.1 at 2018-08-13 17:14:40 +0300
Processing by Devise::SessionsController#create as HTML
  Parameters: {"utf8"=>"✓", "authenticity_token"=>"WzRT8fbb7/6Thfs7nDldJTJRKPg1nxElxSBbVd8vk+TkaXfeZjy4c7XbFHz6bWVu/kQKpIMubNmQdbvyAtAJrQ==", "user"=>{"email"=>"vova@icloud.com", "password"=>"[FILTERED]", "remember_me"=>"0"}, "commit"=>"Log in"}
  [1m[36mUser Load (1.3ms)[0m  [1m[34mSELECT  "users".* FROM "users" WHERE "users"."email" = $1 ORDER BY "users"."id" ASC LIMIT $2[0m  [["email", "vova@icloud.com"], ["LIMIT", 1]]
  ↳ /home/vlada/.rvm/gems/ruby-2.4.0/gems/activerecord-5.2.1/lib/active_record/log_subscriber.rb:98
Completed 401 Unauthorized in 9ms (ActiveRecord: 1.3ms)


Processing by Devise::SessionsController#new as HTML
  Parameters: {"utf8"=>"✓", "authenticity_token"=>"WzRT8fbb7/6Thfs7nDldJTJRKPg1nxElxSBbVd8vk+TkaXfeZjy4c7XbFHz6bWVu/kQKpIMubNmQdbvyAtAJrQ==", "user"=>{"email"=>"vova@icloud.com", "password"=>"[FILTERED]", "remember_me"=>"0"}, "commit"=>"Log in"}
  Rendering /home/vlada/.rvm/gems/ruby-2.4.0/gems/devise-4.4.3/app/views/devise/sessions/new.html.erb within layouts/application
  Rendered /home/vlada/.rvm/gems/ruby-2.4.0/gems/devise-4.4.3/app/views/devise/shared/_links.html.erb (0.8ms)
  Rendered /home/vlada/.rvm/gems/ruby-2.4.0/gems/devise-4.4.3/app/views/devise/sessions/new.html.erb within layouts/application (4.0ms)
Completed 200 OK in 185ms (Views: 19.2ms | ActiveRecord: 0.0ms)


Started GET "/users/sign_in" for 127.0.0.1 at 2018-08-13 17:14:51 +0300
  [1m[35m (0.6ms)[0m  [1m[34mSELECT "schema_migrations"."version" FROM "schema_migrations" ORDER BY "schema_migrations"."version" ASC[0m
  ↳ /home/vlada/.rvm/gems/ruby-2.4.0/gems/activerecord-5.2.1/lib/active_record/log_subscriber.rb:98
Processing by Devise::SessionsController#new as HTML
  Rendering /home/vlada/.rvm/gems/ruby-2.4.0/gems/devise-4.4.3/app/views/devise/sessions/new.html.erb within layouts/application
  Rendered /home/vlada/.rvm/gems/ruby-2.4.0/gems/devise-4.4.3/app/views/devise/shared/_links.html.erb (1.2ms)
  Rendered /home/vlada/.rvm/gems/ruby-2.4.0/gems/devise-4.4.3/app/views/devise/sessions/new.html.erb within layouts/application (8.0ms)
Completed 200 OK in 196ms (Views: 167.9ms | ActiveRecord: 3.0ms)


Started GET "/users/sign_in" for 127.0.0.1 at 2018-08-13 17:14:53 +0300
Processing by Devise::SessionsController#new as HTML
  Rendering /home/vlada/.rvm/gems/ruby-2.4.0/gems/devise-4.4.3/app/views/devise/sessions/new.html.erb within layouts/application
  Rendered /home/vlada/.rvm/gems/ruby-2.4.0/gems/devise-4.4.3/app/views/devise/shared/_links.html.erb (1.2ms)
  Rendered /home/vlada/.rvm/gems/ruby-2.4.0/gems/devise-4.4.3/app/views/devise/sessions/new.html.erb within layouts/application (4.7ms)
Completed 200 OK in 29ms (Views: 27.7ms | ActiveRecord: 0.0ms)


Started POST "/users/sign_in" for 127.0.0.1 at 2018-08-13 17:14:57 +0300
Processing by Devise::SessionsController#create as HTML
  Parameters: {"utf8"=>"✓", "authenticity_token"=>"XuETw/8olfBGOD9DsYfTOFbha2CJxreqKh88+r4d+SThvDfsb8/CfWBm0ATX0+tzmvRJPD93ylZ/StxdY+JjbQ==", "user"=>{"email"=>"vova@icloud.com", "password"=>"[FILTERED]", "remember_me"=>"0"}, "commit"=>"Log in"}
  [1m[36mUser Load (3.6ms)[0m  [1m[34mSELECT  "users".* FROM "users" WHERE "users"."email" = $1 ORDER BY "users"."id" ASC LIMIT $2[0m  [["email", "vova@icloud.com"], ["LIMIT", 1]]
  ↳ /home/vlada/.rvm/gems/ruby-2.4.0/gems/activerecord-5.2.1/lib/active_record/log_subscriber.rb:98
Completed 401 Unauthorized in 25ms (ActiveRecord: 3.6ms)


Processing by Devise::SessionsController#new as HTML
  Parameters: {"utf8"=>"✓", "authenticity_token"=>"XuETw/8olfBGOD9DsYfTOFbha2CJxreqKh88+r4d+SThvDfsb8/CfWBm0ATX0+tzmvRJPD93ylZ/StxdY+JjbQ==", "user"=>{"email"=>"vova@icloud.com", "password"=>"[FILTERED]", "remember_me"=>"0"}, "commit"=>"Log in"}
  Rendering /home/vlada/.rvm/gems/ruby-2.4.0/gems/devise-4.4.3/app/views/devise/sessions/new.html.erb within layouts/application
  Rendered /home/vlada/.rvm/gems/ruby-2.4.0/gems/devise-4.4.3/app/views/devise/shared/_links.html.erb (1.2ms)
  Rendered /home/vlada/.rvm/gems/ruby-2.4.0/gems/devise-4.4.3/app/views/devise/sessions/new.html.erb within layouts/application (8.6ms)
Completed 200 OK in 202ms (Views: 39.6ms | ActiveRecord: 0.0ms)


  [1m[36mUser Load (1.0ms)[0m  [1m[34mSELECT  "users".* FROM "users" ORDER BY "users"."id" ASC LIMIT $1[0m  [["LIMIT", 1]]
Started POST "/users/sign_in" for 127.0.0.1 at 2018-08-13 17:16:01 +0300
  [1m[35m (0.9ms)[0m  [1m[34mSELECT "schema_migrations"."version" FROM "schema_migrations" ORDER BY "schema_migrations"."version" ASC[0m
  ↳ /home/vlada/.rvm/gems/ruby-2.4.0/gems/activerecord-5.2.1/lib/active_record/log_subscriber.rb:98
Processing by Devise::SessionsController#create as HTML
  Parameters: {"utf8"=>"✓", "authenticity_token"=>"/cDKBsXXz64UlsACS4HH0MZi2Xsa0gKblNXswISinH9Cne4pVTCYIzLIL0Ut1f+bCnf7J6xjf2fBgAxnWV0GNg==", "user"=>{"email"=>"vova@icloud.com", "password"=>"[FILTERED]", "remember_me"=>"0"}, "commit"=>"Log in"}
  [1m[36mUser Load (0.8ms)[0m  [1m[34mSELECT  "users".* FROM "users" WHERE "users"."email" = $1 ORDER BY "users"."id" ASC LIMIT $2[0m  [["email", "vova@icloud.com"], ["LIMIT", 1]]
  ↳ /home/vlada/.rvm/gems/ruby-2.4.0/gems/activerecord-5.2.1/lib/active_record/log_subscriber.rb:98
Completed 401 Unauthorized in 31ms (ActiveRecord: 4.3ms)


Processing by Devise::SessionsController#new as HTML
  Parameters: {"utf8"=>"✓", "authenticity_token"=>"/cDKBsXXz64UlsACS4HH0MZi2Xsa0gKblNXswISinH9Cne4pVTCYIzLIL0Ut1f+bCnf7J6xjf2fBgAxnWV0GNg==", "user"=>{"email"=>"vova@icloud.com", "password"=>"[FILTERED]", "remember_me"=>"0"}, "commit"=>"Log in"}
  Rendering /home/vlada/.rvm/gems/ruby-2.4.0/gems/devise-4.4.3/app/views/devise/sessions/new.html.erb within layouts/application
  Rendered /home/vlada/.rvm/gems/ruby-2.4.0/gems/devise-4.4.3/app/views/devise/shared/_links.html.erb (1.1ms)
  Rendered /home/vlada/.rvm/gems/ruby-2.4.0/gems/devise-4.4.3/app/views/devise/sessions/new.html.erb within layouts/application (8.7ms)
Completed 200 OK in 320ms (Views: 176.8ms | ActiveRecord: 0.0ms)


Started POST "/users/sign_in" for 127.0.0.1 at 2018-08-13 17:16:04 +0300
Processing by Devise::SessionsController#create as HTML
  Parameters: {"utf8"=>"✓", "authenticity_token"=>"CPhqqv36SVmZz8k95PdV60h53hi5NFHti2A3X5xhWli3pU6FbR0e1L+RJnqCo22ghGz8RA+FLBHeNdf4QZ7AEQ==", "user"=>{"email"=>"vova@icloud.com", "password"=>"[FILTERED]", "remember_me"=>"0"}, "commit"=>"Log in"}
  [1m[36mUser Load (5.4ms)[0m  [1m[34mSELECT  "users".* FROM "users" WHERE "users"."email" = $1 ORDER BY "users"."id" ASC LIMIT $2[0m  [["email", "vova@icloud.com"], ["LIMIT", 1]]
  ↳ /home/vlada/.rvm/gems/ruby-2.4.0/gems/activerecord-5.2.1/lib/active_record/log_subscriber.rb:98
Completed 401 Unauthorized in 17ms (ActiveRecord: 5.4ms)


Processing by Devise::SessionsController#new as HTML
  Parameters: {"utf8"=>"✓", "authenticity_token"=>"CPhqqv36SVmZz8k95PdV60h53hi5NFHti2A3X5xhWli3pU6FbR0e1L+RJnqCo22ghGz8RA+FLBHeNdf4QZ7AEQ==", "user"=>{"email"=>"vova@icloud.com", "password"=>"[FILTERED]", "remember_me"=>"0"}, "commit"=>"Log in"}
  Rendering /home/vlada/.rvm/gems/ruby-2.4.0/gems/devise-4.4.3/app/views/devise/sessions/new.html.erb within layouts/application
  Rendered /home/vlada/.rvm/gems/ruby-2.4.0/gems/devise-4.4.3/app/views/devise/shared/_links.html.erb (1.0ms)
  Rendered /home/vlada/.rvm/gems/ruby-2.4.0/gems/devise-4.4.3/app/views/devise/sessions/new.html.erb within layouts/application (3.7ms)
Completed 200 OK in 194ms (Views: 21.9ms | ActiveRecord: 0.0ms)


Started POST "/users/sign_in" for 127.0.0.1 at 2018-08-13 17:16:06 +0300
Processing by Devise::SessionsController#create as HTML
  Parameters: {"utf8"=>"✓", "authenticity_token"=>"yS+CZ8N4pe1K/nCkklP0e1OzreaxoZaCgddQMV3J6UV2cqZIU5/yYGygn+P0B8wwn6aPugcQ637UgrCWgDZzDA==", "user"=>{"email"=>"vova@icloud.com", "password"=>"[FILTERED]", "remember_me"=>"0"}, "commit"=>"Log in"}
  [1m[36mUser Load (2.7ms)[0m  [1m[34mSELECT  "users".* FROM "users" WHERE "users"."email" = $1 ORDER BY "users"."id" ASC LIMIT $2[0m  [["email", "vova@icloud.com"], ["LIMIT", 1]]
  ↳ /home/vlada/.rvm/gems/ruby-2.4.0/gems/activerecord-5.2.1/lib/active_record/log_subscriber.rb:98
Completed 401 Unauthorized in 11ms (ActiveRecord: 2.7ms)


Processing by Devise::SessionsController#new as HTML
  Parameters: {"utf8"=>"✓", "authenticity_token"=>"yS+CZ8N4pe1K/nCkklP0e1OzreaxoZaCgddQMV3J6UV2cqZIU5/yYGygn+P0B8wwn6aPugcQ637UgrCWgDZzDA==", "user"=>{"email"=>"vova@icloud.com", "password"=>"[FILTERED]", "remember_me"=>"0"}, "commit"=>"Log in"}
  Rendering /home/vlada/.rvm/gems/ruby-2.4.0/gems/devise-4.4.3/app/views/devise/sessions/new.html.erb within layouts/application
  Rendered /home/vlada/.rvm/gems/ruby-2.4.0/gems/devise-4.4.3/app/views/devise/shared/_links.html.erb (0.9ms)
  Rendered /home/vlada/.rvm/gems/ruby-2.4.0/gems/devise-4.4.3/app/views/devise/sessions/new.html.erb within layouts/application (3.4ms)
Completed 200 OK in 174ms (Views: 24.4ms | ActiveRecord: 0.0ms)


  [1m[36mUser Load (1.7ms)[0m  [1m[34mSELECT  "users".* FROM "users" ORDER BY "users"."id" ASC LIMIT $1[0m  [["LIMIT", 1]]
  [1m[35m (0.8ms)[0m  [1m[35mBEGIN[0m
  [1m[36mUser Update (0.7ms)[0m  [1m[33mUPDATE "users" SET "updated_at" = $1, "encrypted_password" = $2 WHERE "users"."id" = $3[0m  [["updated_at", "2018-08-13 14:17:22.459325"], ["encrypted_password", "mypass"], ["id", 10]]
  [1m[35m (11.8ms)[0m  [1m[35mCOMMIT[0m
Started GET "/users/sign_in" for 127.0.0.1 at 2018-08-13 17:17:43 +0300
  [1m[35m (0.7ms)[0m  [1m[34mSELECT "schema_migrations"."version" FROM "schema_migrations" ORDER BY "schema_migrations"."version" ASC[0m
  ↳ /home/vlada/.rvm/gems/ruby-2.4.0/gems/activerecord-5.2.1/lib/active_record/log_subscriber.rb:98
Processing by Devise::SessionsController#new as HTML
  Rendering /home/vlada/.rvm/gems/ruby-2.4.0/gems/devise-4.4.3/app/views/devise/sessions/new.html.erb within layouts/application
  Rendered /home/vlada/.rvm/gems/ruby-2.4.0/gems/devise-4.4.3/app/views/devise/shared/_links.html.erb (2.4ms)
  Rendered /home/vlada/.rvm/gems/ruby-2.4.0/gems/devise-4.4.3/app/views/devise/sessions/new.html.erb within layouts/application (17.1ms)
Completed 200 OK in 181ms (Views: 139.0ms | ActiveRecord: 4.5ms)


Started POST "/users/sign_in" for 127.0.0.1 at 2018-08-13 17:17:47 +0300
Processing by Devise::SessionsController#create as HTML
  Parameters: {"utf8"=>"✓", "authenticity_token"=>"Pfsn+FskKnVcmziIJ/Q4TKm9Wc9sp9nJUI15evCxVLGCpgPXy8N9+HrF189BoAAHZah7k9oWpDUF2JndLU7O+A==", "user"=>{"email"=>"vova@icloud.com", "password"=>"[FILTERED]", "remember_me"=>"0"}, "commit"=>"Log in"}
  [1m[36mUser Load (5.9ms)[0m  [1m[34mSELECT  "users".* FROM "users" WHERE "users"."email" = $1 ORDER BY "users"."id" ASC LIMIT $2[0m  [["email", "vova@icloud.com"], ["LIMIT", 1]]
  ↳ /home/vlada/.rvm/gems/ruby-2.4.0/gems/activerecord-5.2.1/lib/active_record/log_subscriber.rb:98
Completed 500 Internal Server Error in 27ms (ActiveRecord: 5.9ms)


  
BCrypt::Errors::InvalidHash (invalid hash):
  
bcrypt (3.1.12) lib/bcrypt/password.rb:60:in `initialize'
devise (4.4.3) lib/devise/encryptor.rb:16:in `new'
devise (4.4.3) lib/devise/encryptor.rb:16:in `compare'
devise (4.4.3) lib/devise/models/database_authenticatable.rb:52:in `valid_password?'
devise (4.4.3) lib/devise/strategies/database_authenticatable.rb:13:in `block in authenticate!'
devise (4.4.3) lib/devise/models/authenticatable.rb:83:in `valid_for_authentication?'
devise (4.4.3) lib/devise/strategies/authenticatable.rb:38:in `validate'
devise (4.4.3) lib/devise/strategies/database_authenticatable.rb:13:in `authenticate!'
warden (1.2.7) lib/warden/strategies/base.rb:54:in `_run!'
warden (1.2.7) lib/warden/proxy.rb:359:in `block in _run_strategies_for'
warden (1.2.7) lib/warden/proxy.rb:354:in `each'
warden (1.2.7) lib/warden/proxy.rb:354:in `_run_strategies_for'
warden (1.2.7) lib/warden/proxy.rb:324:in `_perform_authentication'
warden (1.2.7) lib/warden/proxy.rb:128:in `authenticate!'
devise (4.4.3) app/controllers/devise/sessions_controller.rb:19:in `create'
actionpack (5.2.1) lib/action_controller/metal/basic_implicit_render.rb:6:in `send_action'
actionpack (5.2.1) lib/abstract_controller/base.rb:194:in `process_action'
actionpack (5.2.1) lib/action_controller/metal/rendering.rb:30:in `process_action'
actionpack (5.2.1) lib/abstract_controller/callbacks.rb:42:in `block in process_action'
activesupport (5.2.1) lib/active_support/callbacks.rb:132:in `run_callbacks'
actionpack (5.2.1) lib/abstract_controller/callbacks.rb:41:in `process_action'
actionpack (5.2.1) lib/action_controller/metal/rescue.rb:22:in `process_action'
actionpack (5.2.1) lib/action_controller/metal/instrumentation.rb:34:in `block in process_action'
activesupport (5.2.1) lib/active_support/notifications.rb:168:in `block in instrument'
activesupport (5.2.1) lib/active_support/notifications/instrumenter.rb:23:in `instrument'
activesupport (5.2.1) lib/active_support/notifications.rb:168:in `instrument'
actionpack (5.2.1) lib/action_controller/metal/instrumentation.rb:32:in `process_action'
actionpack (5.2.1) lib/action_controller/metal/params_wrapper.rb:256:in `process_action'
activerecord (5.2.1) lib/active_record/railties/controller_runtime.rb:24:in `process_action'
actionpack (5.2.1) lib/abstract_controller/base.rb:134:in `process'
actionview (5.2.1) lib/action_view/rendering.rb:32:in `process'
actionpack (5.2.1) lib/action_controller/metal.rb:191:in `dispatch'
actionpack (5.2.1) lib/action_controller/metal.rb:252:in `dispatch'
actionpack (5.2.1) lib/action_dispatch/routing/route_set.rb:52:in `dispatch'
actionpack (5.2.1) lib/action_dispatch/routing/route_set.rb:34:in `serve'
actionpack (5.2.1) lib/action_dispatch/routing/mapper.rb:18:in `block in <class:Constraints>'
actionpack (5.2.1) lib/action_dispatch/routing/mapper.rb:48:in `serve'
actionpack (5.2.1) lib/action_dispatch/journey/router.rb:52:in `block in serve'
actionpack (5.2.1) lib/action_dispatch/journey/router.rb:35:in `each'
actionpack (5.2.1) lib/action_dispatch/journey/router.rb:35:in `serve'
actionpack (5.2.1) lib/action_dispatch/routing/route_set.rb:840:in `call'
warden (1.2.7) lib/warden/manager.rb:36:in `block in call'
warden (1.2.7) lib/warden/manager.rb:35:in `catch'
warden (1.2.7) lib/warden/manager.rb:35:in `call'
rack (2.0.5) lib/rack/tempfile_reaper.rb:15:in `call'
rack (2.0.5) lib/rack/etag.rb:25:in `call'
rack (2.0.5) lib/rack/conditional_get.rb:38:in `call'
rack (2.0.5) lib/rack/head.rb:12:in `call'
actionpack (5.2.1) lib/action_dispatch/http/content_security_policy.rb:18:in `call'
rack (2.0.5) lib/rack/session/abstract/id.rb:232:in `context'
rack (2.0.5) lib/rack/session/abstract/id.rb:226:in `call'
actionpack (5.2.1) lib/action_dispatch/middleware/cookies.rb:670:in `call'
activerecord (5.2.1) lib/active_record/migration.rb:559:in `call'
actionpack (5.2.1) lib/action_dispatch/middleware/callbacks.rb:28:in `block in call'
activesupport (5.2.1) lib/active_support/callbacks.rb:98:in `run_callbacks'
actionpack (5.2.1) lib/action_dispatch/middleware/callbacks.rb:26:in `call'
actionpack (5.2.1) lib/action_dispatch/middleware/executor.rb:14:in `call'
actionpack (5.2.1) lib/action_dispatch/middleware/debug_exceptions.rb:61:in `call'
web-console (3.6.2) lib/web_console/middleware.rb:135:in `call_app'
web-console (3.6.2) lib/web_console/middleware.rb:30:in `block in call'
web-console (3.6.2) lib/web_console/middleware.rb:20:in `catch'
web-console (3.6.2) lib/web_console/middleware.rb:20:in `call'
actionpack (5.2.1) lib/action_dispatch/middleware/show_exceptions.rb:33:in `call'
railties (5.2.1) lib/rails/rack/logger.rb:38:in `call_app'
railties (5.2.1) lib/rails/rack/logger.rb:26:in `block in call'
activesupport (5.2.1) lib/active_support/tagged_logging.rb:71:in `block in tagged'
activesupport (5.2.1) lib/active_support/tagged_logging.rb:28:in `tagged'
activesupport (5.2.1) lib/active_support/tagged_logging.rb:71:in `tagged'
railties (5.2.1) lib/rails/rack/logger.rb:26:in `call'
sprockets-rails (3.2.1) lib/sprockets/rails/quiet_assets.rb:13:in `call'
actionpack (5.2.1) lib/action_dispatch/middleware/remote_ip.rb:81:in `call'
actionpack (5.2.1) lib/action_dispatch/middleware/request_id.rb:27:in `call'
rack (2.0.5) lib/rack/method_override.rb:22:in `call'
rack (2.0.5) lib/rack/runtime.rb:22:in `call'
activesupport (5.2.1) lib/active_support/cache/strategy/local_cache_middleware.rb:29:in `call'
actionpack (5.2.1) lib/action_dispatch/middleware/executor.rb:14:in `call'
actionpack (5.2.1) lib/action_dispatch/middleware/static.rb:127:in `call'
rack (2.0.5) lib/rack/sendfile.rb:111:in `call'
railties (5.2.1) lib/rails/engine.rb:524:in `call'
puma (3.12.0) lib/puma/configuration.rb:225:in `call'
puma (3.12.0) lib/puma/server.rb:658:in `handle_request'
puma (3.12.0) lib/puma/server.rb:472:in `process_client'
puma (3.12.0) lib/puma/server.rb:332:in `block in run'
puma (3.12.0) lib/puma/thread_pool.rb:133:in `block in spawn_thread'
Started GET "/users/sign_up" for 127.0.0.1 at 2018-08-13 17:18:36 +0300
Processing by Devise::RegistrationsController#new as HTML
  Rendering /home/vlada/.rvm/gems/ruby-2.4.0/gems/devise-4.4.3/app/views/devise/registrations/new.html.erb within layouts/application
  Rendered /home/vlada/.rvm/gems/ruby-2.4.0/gems/devise-4.4.3/app/views/devise/shared/_links.html.erb (1.3ms)
  Rendered /home/vlada/.rvm/gems/ruby-2.4.0/gems/devise-4.4.3/app/views/devise/registrations/new.html.erb within layouts/application (5.7ms)
Completed 200 OK in 36ms (Views: 34.9ms | ActiveRecord: 0.0ms)


Started POST "/users" for 127.0.0.1 at 2018-08-13 17:18:54 +0300
Processing by Devise::RegistrationsController#create as HTML
  Parameters: {"utf8"=>"✓", "authenticity_token"=>"7w1lDWNhnjozuDH8s6VwdBw6x9LetfEub2KT98SEcvK0mP+PwnU6Xyv0VtwWwbKSwGmOTzAGkT7YxTvUe+VAfg==", "user"=>{"email"=>"vladaross@icloud.com", "password"=>"[FILTERED]", "password_confirmation"=>"[FILTERED]"}, "commit"=>"Sign up"}
  [1m[35m (0.4ms)[0m  [1m[35mBEGIN[0m
  ↳ /home/vlada/.rvm/gems/ruby-2.4.0/gems/activerecord-5.2.1/lib/active_record/log_subscriber.rb:98
  [1m[36mUser Exists (0.4ms)[0m  [1m[34mSELECT  1 AS one FROM "users" WHERE "users"."email" = $1 LIMIT $2[0m  [["email", "vladaross@icloud.com"], ["LIMIT", 1]]
  ↳ /home/vlada/.rvm/gems/ruby-2.4.0/gems/activerecord-5.2.1/lib/active_record/log_subscriber.rb:98
  [1m[36mUser Create (0.5ms)[0m  [1m[32mINSERT INTO "users" ("email", "created_at", "updated_at", "encrypted_password") VALUES ($1, $2, $3, $4) RETURNING "id"[0m  [["email", "vladaross@icloud.com"], ["created_at", "2018-08-13 14:18:54.488710"], ["updated_at", "2018-08-13 14:18:54.488710"], ["encrypted_password", "$2a$11$aDqeDAvVEp1fDb/o6BUOcubMZjrZajNH7rawmcfA2dUjk/qN2ywb."]]
  ↳ /home/vlada/.rvm/gems/ruby-2.4.0/gems/activerecord-5.2.1/lib/active_record/log_subscriber.rb:98
  [1m[35m (11.8ms)[0m  [1m[35mCOMMIT[0m
  ↳ /home/vlada/.rvm/gems/ruby-2.4.0/gems/activerecord-5.2.1/lib/active_record/log_subscriber.rb:98
  [1m[35m (0.2ms)[0m  [1m[35mBEGIN[0m
  ↳ /home/vlada/.rvm/gems/ruby-2.4.0/gems/activerecord-5.2.1/lib/active_record/log_subscriber.rb:98
  [1m[36mUser Update (0.5ms)[0m  [1m[33mUPDATE "users" SET "updated_at" = $1, "sign_in_count" = $2, "current_sign_in_at" = $3, "last_sign_in_at" = $4, "current_sign_in_ip" = $5, "last_sign_in_ip" = $6 WHERE "users"."id" = $7[0m  [["updated_at", "2018-08-13 14:18:54.503808"], ["sign_in_count", 1], ["current_sign_in_at", "2018-08-13 14:18:54.502937"], ["last_sign_in_at", "2018-08-13 14:18:54.502937"], ["current_sign_in_ip", "127.0.0.1/32"], ["last_sign_in_ip", "127.0.0.1/32"], ["id", 13]]
  ↳ /home/vlada/.rvm/gems/ruby-2.4.0/gems/activerecord-5.2.1/lib/active_record/log_subscriber.rb:98
  [1m[35m (7.6ms)[0m  [1m[35mCOMMIT[0m
  ↳ /home/vlada/.rvm/gems/ruby-2.4.0/gems/activerecord-5.2.1/lib/active_record/log_subscriber.rb:98
Redirected to http://localhost:3000/
Completed 302 Found in 173ms (ActiveRecord: 21.5ms)


Started GET "/" for 127.0.0.1 at 2018-08-13 17:18:54 +0300
Processing by AccountsController#index as HTML
  [1m[36mUser Load (0.4ms)[0m  [1m[34mSELECT  "users".* FROM "users" WHERE "users"."id" = $1 ORDER BY "users"."id" ASC LIMIT $2[0m  [["id", 13], ["LIMIT", 1]]
  ↳ /home/vlada/.rvm/gems/ruby-2.4.0/gems/activerecord-5.2.1/lib/active_record/log_subscriber.rb:98
  Rendering accounts/index.html.erb within layouts/application
  [1m[36mAccount Load (0.6ms)[0m  [1m[34mSELECT "accounts".* FROM "accounts"[0m
  ↳ app/views/accounts/index.html.erb:16
  [1m[36mUser Load (0.4ms)[0m  [1m[34mSELECT  "users".* FROM "users" WHERE "users"."id" = $1 LIMIT $2[0m  [["id", 10], ["LIMIT", 1]]
  ↳ app/views/accounts/index.html.erb:18
  [1m[36mCACHE User Load (0.0ms)[0m  [1m[34mSELECT  "users".* FROM "users" WHERE "users"."id" = $1 LIMIT $2[0m  [["id", 10], ["LIMIT", 1]]
  ↳ app/views/accounts/index.html.erb:18
  [1m[36mUser Load (0.3ms)[0m  [1m[34mSELECT  "users".* FROM "users" WHERE "users"."id" = $1 LIMIT $2[0m  [["id", 11], ["LIMIT", 1]]
  ↳ app/views/accounts/index.html.erb:18
  [1m[36mCACHE User Load (0.0ms)[0m  [1m[34mSELECT  "users".* FROM "users" WHERE "users"."id" = $1 LIMIT $2[0m  [["id", 11], ["LIMIT", 1]]
  ↳ app/views/accounts/index.html.erb:18
  [1m[36mUser Load (0.3ms)[0m  [1m[34mSELECT  "users".* FROM "users" WHERE "users"."id" = $1 LIMIT $2[0m  [["id", 12], ["LIMIT", 1]]
  ↳ app/views/accounts/index.html.erb:18
  [1m[36mCACHE User Load (0.0ms)[0m  [1m[34mSELECT  "users".* FROM "users" WHERE "users"."id" = $1 LIMIT $2[0m  [["id", 12], ["LIMIT", 1]]
  ↳ app/views/accounts/index.html.erb:18
  Rendered accounts/index.html.erb within layouts/application (23.1ms)
Completed 200 OK in 47ms (Views: 33.4ms | ActiveRecord: 7.0ms)


Started GET "/" for 127.0.0.1 at 2018-08-13 17:19:01 +0300
Processing by AccountsController#index as HTML
  [1m[36mUser Load (0.5ms)[0m  [1m[34mSELECT  "users".* FROM "users" WHERE "users"."id" = $1 ORDER BY "users"."id" ASC LIMIT $2[0m  [["id", 13], ["LIMIT", 1]]
  ↳ /home/vlada/.rvm/gems/ruby-2.4.0/gems/activerecord-5.2.1/lib/active_record/log_subscriber.rb:98
  Rendering accounts/index.html.erb within layouts/application
  [1m[36mAccount Load (0.4ms)[0m  [1m[34mSELECT "accounts".* FROM "accounts"[0m
  ↳ app/views/accounts/index.html.erb:16
  [1m[36mUser Load (0.4ms)[0m  [1m[34mSELECT  "users".* FROM "users" WHERE "users"."id" = $1 LIMIT $2[0m  [["id", 10], ["LIMIT", 1]]
  ↳ app/views/accounts/index.html.erb:18
  [1m[36mCACHE User Load (0.0ms)[0m  [1m[34mSELECT  "users".* FROM "users" WHERE "users"."id" = $1 LIMIT $2[0m  [["id", 10], ["LIMIT", 1]]
  ↳ app/views/accounts/index.html.erb:18
  [1m[36mUser Load (0.4ms)[0m  [1m[34mSELECT  "users".* FROM "users" WHERE "users"."id" = $1 LIMIT $2[0m  [["id", 11], ["LIMIT", 1]]
  ↳ app/views/accounts/index.html.erb:18
  [1m[36mCACHE User Load (0.0ms)[0m  [1m[34mSELECT  "users".* FROM "users" WHERE "users"."id" = $1 LIMIT $2[0m  [["id", 11], ["LIMIT", 1]]
  ↳ app/views/accounts/index.html.erb:18
  [1m[36mUser Load (0.4ms)[0m  [1m[34mSELECT  "users".* FROM "users" WHERE "users"."id" = $1 LIMIT $2[0m  [["id", 12], ["LIMIT", 1]]
  ↳ app/views/accounts/index.html.erb:18
  [1m[36mCACHE User Load (0.0ms)[0m  [1m[34mSELECT  "users".* FROM "users" WHERE "users"."id" = $1 LIMIT $2[0m  [["id", 12], ["LIMIT", 1]]
  ↳ app/views/accounts/index.html.erb:18
  Rendered accounts/index.html.erb within layouts/application (10.1ms)
Completed 200 OK in 29ms (Views: 24.5ms | ActiveRecord: 2.2ms)


  [1m[36mUser Load (0.8ms)[0m  [1m[34mSELECT  "users".* FROM "users" ORDER BY "users"."id" DESC LIMIT $1[0m  [["LIMIT", 1]]
  [1m[35m (0.2ms)[0m  [1m[34mSELECT pg_try_advisory_lock(7798609168987932225)[0m
  ↳ /home/vlada/.rvm/gems/ruby-2.4.0/bin/rake:23
  [1m[35m (0.6ms)[0m  [1m[34mSELECT "schema_migrations"."version" FROM "schema_migrations" ORDER BY "schema_migrations"."version" ASC[0m
  ↳ /home/vlada/.rvm/gems/ruby-2.4.0/bin/rake:23
Migrating to RemovePasswordFromUser (20180813142040)
  [1m[35m (0.2ms)[0m  [1m[35mBEGIN[0m
  ↳ /home/vlada/.rvm/gems/ruby-2.4.0/bin/rake:23
  [1m[35m (0.6ms)[0m  [1m[35mALTER TABLE "users" DROP COLUMN "password"[0m
  ↳ db/migrate/20180813142040_remove_password_from_user.rb:3
  [1m[36mActiveRecord::SchemaMigration Create (0.3ms)[0m  [1m[32mINSERT INTO "schema_migrations" ("version") VALUES ($1) RETURNING "version"[0m  [["version", "20180813142040"]]
  ↳ /home/vlada/.rvm/gems/ruby-2.4.0/bin/rake:23
  [1m[35m (16.2ms)[0m  [1m[35mCOMMIT[0m
  ↳ /home/vlada/.rvm/gems/ruby-2.4.0/bin/rake:23
  [1m[36mActiveRecord::InternalMetadata Load (0.3ms)[0m  [1m[34mSELECT  "ar_internal_metadata".* FROM "ar_internal_metadata" WHERE "ar_internal_metadata"."key" = $1 LIMIT $2[0m  [["key", "environment"], ["LIMIT", 1]]
  ↳ /home/vlada/.rvm/gems/ruby-2.4.0/bin/rake:23
  [1m[35m (0.3ms)[0m  [1m[35mBEGIN[0m
  ↳ /home/vlada/.rvm/gems/ruby-2.4.0/bin/rake:23
  [1m[35m (0.1ms)[0m  [1m[35mCOMMIT[0m
  ↳ /home/vlada/.rvm/gems/ruby-2.4.0/bin/rake:23
  [1m[35m (0.2ms)[0m  [1m[34mSELECT pg_advisory_unlock(7798609168987932225)[0m
  ↳ /home/vlada/.rvm/gems/ruby-2.4.0/bin/rake:23
  [1m[35m (0.5ms)[0m  [1m[34mSELECT "schema_migrations"."version" FROM "schema_migrations" ORDER BY "schema_migrations"."version" ASC[0m
  ↳ /home/vlada/.rvm/gems/ruby-2.4.0/bin/rake:23
  [1m[36mUser Destroy (5.2ms)[0m  [1m[31mDELETE FROM "users"[0m
  [1m[36mAccount Destroy (29.1ms)[0m  [1m[31mDELETE FROM "accounts"[0m
  [1m[36mUser Destroy (22.7ms)[0m  [1m[31mDELETE FROM "users"[0m
  [1m[35m (0.5ms)[0m  [1m[34mSELECT "schema_migrations"."version" FROM "schema_migrations" ORDER BY "schema_migrations"."version" ASC[0m
  ↳ /home/vlada/.rvm/gems/ruby-2.4.0/bin/rake:23
  [1m[35m (0.4ms)[0m  [1m[34mSELECT "ar_internal_metadata"."value" FROM "ar_internal_metadata" WHERE "ar_internal_metadata"."key" = $1[0m  [["key", "environment"]]
  ↳ /home/vlada/.rvm/gems/ruby-2.4.0/bin/rake:23
  [1m[35m (0.3ms)[0m  [1m[34mSELECT "schema_migrations"."version" FROM "schema_migrations" ORDER BY "schema_migrations"."version" ASC[0m
  ↳ /home/vlada/.rvm/gems/ruby-2.4.0/bin/rake:23
  [1m[35m (0.3ms)[0m  [1m[34mSELECT "ar_internal_metadata"."value" FROM "ar_internal_metadata" WHERE "ar_internal_metadata"."key" = $1[0m  [["key", "environment"]]
  ↳ /home/vlada/.rvm/gems/ruby-2.4.0/bin/rake:23
  [1m[35m (0.3ms)[0m  [1m[34mSELECT "schema_migrations"."version" FROM "schema_migrations" ORDER BY "schema_migrations"."version" ASC[0m
  ↳ /home/vlada/.rvm/gems/ruby-2.4.0/bin/rake:23
  [1m[35m (0.4ms)[0m  [1m[34mSELECT "ar_internal_metadata"."value" FROM "ar_internal_metadata" WHERE "ar_internal_metadata"."key" = $1[0m  [["key", "environment"]]
  ↳ /home/vlada/.rvm/gems/ruby-2.4.0/bin/rake:23
  [1m[35m (5013.7ms)[0m  [1m[35mDROP DATABASE IF EXISTS "bank_development"[0m
  ↳ /home/vlada/.rvm/gems/ruby-2.4.0/bin/rake:23
  [1m[35m (0.6ms)[0m  [1m[34mSELECT "schema_migrations"."version" FROM "schema_migrations" ORDER BY "schema_migrations"."version" ASC[0m
  ↳ /home/vlada/.rvm/gems/ruby-2.4.0/bin/rake:23
  [1m[35m (0.3ms)[0m  [1m[34mSELECT "ar_internal_metadata"."value" FROM "ar_internal_metadata" WHERE "ar_internal_metadata"."key" = $1[0m  [["key", "environment"]]
  ↳ /home/vlada/.rvm/gems/ruby-2.4.0/bin/rake:23
  [1m[35m (0.3ms)[0m  [1m[34mSELECT "schema_migrations"."version" FROM "schema_migrations" ORDER BY "schema_migrations"."version" ASC[0m
  ↳ /home/vlada/.rvm/gems/ruby-2.4.0/bin/rake:23
  [1m[35m (0.2ms)[0m  [1m[34mSELECT "ar_internal_metadata"."value" FROM "ar_internal_metadata" WHERE "ar_internal_metadata"."key" = $1[0m  [["key", "environment"]]
  ↳ /home/vlada/.rvm/gems/ruby-2.4.0/bin/rake:23
  [1m[35m (0.2ms)[0m  [1m[34mSELECT "schema_migrations"."version" FROM "schema_migrations" ORDER BY "schema_migrations"."version" ASC[0m
  ↳ /home/vlada/.rvm/gems/ruby-2.4.0/bin/rake:23
  [1m[35m (0.2ms)[0m  [1m[34mSELECT "ar_internal_metadata"."value" FROM "ar_internal_metadata" WHERE "ar_internal_metadata"."key" = $1[0m  [["key", "environment"]]
  ↳ /home/vlada/.rvm/gems/ruby-2.4.0/bin/rake:23
  [1m[35m (252.6ms)[0m  [1m[35mDROP DATABASE IF EXISTS "bank_development"[0m
  ↳ /home/vlada/.rvm/gems/ruby-2.4.0/bin/rake:23
  [1m[35m (226.5ms)[0m  [1m[35mDROP DATABASE IF EXISTS "bank_test"[0m
  ↳ /home/vlada/.rvm/gems/ruby-2.4.0/bin/rake:23
  [1m[35m (680.0ms)[0m  [1m[35mCREATE DATABASE "bank_development" ENCODING = 'unicode'[0m
  ↳ /home/vlada/.rvm/gems/ruby-2.4.0/bin/rake:23
  [1m[35m (618.9ms)[0m  [1m[35mCREATE DATABASE "bank_test" ENCODING = 'unicode'[0m
  ↳ /home/vlada/.rvm/gems/ruby-2.4.0/bin/rake:23
  [1m[35m (131.1ms)[0m  [1m[35mCREATE TABLE "schema_migrations" ("version" character varying NOT NULL PRIMARY KEY)[0m
  ↳ /home/vlada/.rvm/gems/ruby-2.4.0/bin/rake:23
  [1m[35m (120.4ms)[0m  [1m[35mCREATE TABLE "ar_internal_metadata" ("key" character varying NOT NULL PRIMARY KEY, "value" character varying, "created_at" timestamp NOT NULL, "updated_at" timestamp NOT NULL)[0m
  ↳ /home/vlada/.rvm/gems/ruby-2.4.0/bin/rake:23
  [1m[35m (1.3ms)[0m  [1m[34mSELECT "schema_migrations"."version" FROM "schema_migrations" ORDER BY "schema_migrations"."version" ASC[0m
  ↳ /home/vlada/.rvm/gems/ruby-2.4.0/bin/rake:23
  [1m[35m (0.4ms)[0m  [1m[34mSELECT pg_try_advisory_lock(7798609168987932225)[0m
  ↳ /home/vlada/.rvm/gems/ruby-2.4.0/bin/rake:23
  [1m[35m (0.6ms)[0m  [1m[34mSELECT "schema_migrations"."version" FROM "schema_migrations" ORDER BY "schema_migrations"."version" ASC[0m
  ↳ /home/vlada/.rvm/gems/ruby-2.4.0/bin/rake:23
Migrating to CreateUsers (20180813124747)
  [1m[35m (0.3ms)[0m  [1m[35mBEGIN[0m
  ↳ /home/vlada/.rvm/gems/ruby-2.4.0/bin/rake:23
  [1m[35m (84.5ms)[0m  [1m[35mCREATE TABLE "users" ("id" bigserial primary key, "name" character varying, "email" character varying, "password" character varying, "created_at" timestamp NOT NULL, "updated_at" timestamp NOT NULL)[0m
  ↳ db/migrate/20180813124747_create_users.rb:3
  [1m[36mActiveRecord::SchemaMigration Create (1.1ms)[0m  [1m[32mINSERT INTO "schema_migrations" ("version") VALUES ($1) RETURNING "version"[0m  [["version", "20180813124747"]]
  ↳ /home/vlada/.rvm/gems/ruby-2.4.0/bin/rake:23
  [1m[35m (14.3ms)[0m  [1m[35mCOMMIT[0m
  ↳ /home/vlada/.rvm/gems/ruby-2.4.0/bin/rake:23
Migrating to CreateAccounts (20180813124841)
  [1m[35m (0.5ms)[0m  [1m[35mBEGIN[0m
  ↳ /home/vlada/.rvm/gems/ruby-2.4.0/bin/rake:23
  [1m[35m (87.0ms)[0m  [1m[35mCREATE TABLE "accounts" ("id" bigserial primary key, "user_id" bigint, "currency" character varying, "amount" decimal, "created_at" timestamp NOT NULL, "updated_at" timestamp NOT NULL, CONSTRAINT "fk_rails_b1e30bebc8"
FOREIGN KEY ("user_id")
  REFERENCES "users" ("id")
)[0m
  ↳ db/migrate/20180813124841_create_accounts.rb:3
  [1m[35m (37.9ms)[0m  [1m[35mCREATE  INDEX  "index_accounts_on_user_id" ON "accounts"  ("user_id")[0m
  ↳ db/migrate/20180813124841_create_accounts.rb:3
  [1m[36mActiveRecord::SchemaMigration Create (0.8ms)[0m  [1m[32mINSERT INTO "schema_migrations" ("version") VALUES ($1) RETURNING "version"[0m  [["version", "20180813124841"]]
  ↳ /home/vlada/.rvm/gems/ruby-2.4.0/bin/rake:23
  [1m[35m (18.7ms)[0m  [1m[35mCOMMIT[0m
  ↳ /home/vlada/.rvm/gems/ruby-2.4.0/bin/rake:23
Migrating to AddDeviseToUsers (20180813134039)
  [1m[35m (0.5ms)[0m  [1m[35mBEGIN[0m
  ↳ /home/vlada/.rvm/gems/ruby-2.4.0/bin/rake:23
  [1m[35m (98.8ms)[0m  [1m[35mALTER TABLE "users" ADD "encrypted_password" character varying DEFAULT '' NOT NULL[0m
  ↳ db/migrate/20180813134039_add_devise_to_users.rb:8
  [1m[35m (0.8ms)[0m  [1m[35mALTER TABLE "users" ADD "reset_password_token" character varying[0m
  ↳ db/migrate/20180813134039_add_devise_to_users.rb:11
  [1m[35m (1.1ms)[0m  [1m[35mALTER TABLE "users" ADD "reset_password_sent_at" timestamp[0m
  ↳ db/migrate/20180813134039_add_devise_to_users.rb:12
  [1m[35m (0.8ms)[0m  [1m[35mALTER TABLE "users" ADD "remember_created_at" timestamp[0m
  ↳ db/migrate/20180813134039_add_devise_to_users.rb:15
  [1m[35m (93.8ms)[0m  [1m[35mALTER TABLE "users" ADD "sign_in_count" integer DEFAULT 0 NOT NULL[0m
  ↳ db/migrate/20180813134039_add_devise_to_users.rb:18
  [1m[35m (0.9ms)[0m  [1m[35mALTER TABLE "users" ADD "current_sign_in_at" timestamp[0m
  ↳ db/migrate/20180813134039_add_devise_to_users.rb:19
  [1m[35m (0.8ms)[0m  [1m[35mALTER TABLE "users" ADD "last_sign_in_at" timestamp[0m
  ↳ db/migrate/20180813134039_add_devise_to_users.rb:20
  [1m[35m (0.9ms)[0m  [1m[35mALTER TABLE "users" ADD "current_sign_in_ip" inet[0m
  ↳ db/migrate/20180813134039_add_devise_to_users.rb:21
  [1m[35m (1.0ms)[0m  [1m[35mALTER TABLE "users" ADD "last_sign_in_ip" inet[0m
  ↳ db/migrate/20180813134039_add_devise_to_users.rb:22
  [1m[35m (0.8ms)[0m  [1m[35mALTER TABLE "users" ADD "unconfirmed_email" character varying[0m
  ↳ db/migrate/20180813134039_add_devise_to_users.rb:28
  [1m[35m (42.0ms)[0m  [1m[35mCREATE UNIQUE INDEX  "index_users_on_email" ON "users"  ("email")[0m
  ↳ db/migrate/20180813134039_add_devise_to_users.rb:40
  [1m[35m (40.5ms)[0m  [1m[35mCREATE UNIQUE INDEX  "index_users_on_reset_password_token" ON "users"  ("reset_password_token")[0m
  ↳ db/migrate/20180813134039_add_devise_to_users.rb:41
  [1m[36mActiveRecord::SchemaMigration Create (1.1ms)[0m  [1m[32mINSERT INTO "schema_migrations" ("version") VALUES ($1) RETURNING "version"[0m  [["version", "20180813134039"]]
  ↳ /home/vlada/.rvm/gems/ruby-2.4.0/bin/rake:23
  [1m[35m (16.3ms)[0m  [1m[35mCOMMIT[0m
  ↳ /home/vlada/.rvm/gems/ruby-2.4.0/bin/rake:23
Migrating to RemovePasswordFromUser (20180813142040)
  [1m[35m (0.6ms)[0m  [1m[35mBEGIN[0m
  ↳ /home/vlada/.rvm/gems/ruby-2.4.0/bin/rake:23
  [1m[35m (1.0ms)[0m  [1m[35mALTER TABLE "users" DROP COLUMN "password"[0m
  ↳ db/migrate/20180813142040_remove_password_from_user.rb:3
  [1m[36mActiveRecord::SchemaMigration Create (0.6ms)[0m  [1m[32mINSERT INTO "schema_migrations" ("version") VALUES ($1) RETURNING "version"[0m  [["version", "20180813142040"]]
  ↳ /home/vlada/.rvm/gems/ruby-2.4.0/bin/rake:23
  [1m[35m (12.7ms)[0m  [1m[35mCOMMIT[0m
  ↳ /home/vlada/.rvm/gems/ruby-2.4.0/bin/rake:23
  [1m[36mActiveRecord::InternalMetadata Load (0.4ms)[0m  [1m[34mSELECT  "ar_internal_metadata".* FROM "ar_internal_metadata" WHERE "ar_internal_metadata"."key" = $1 LIMIT $2[0m  [["key", "environment"], ["LIMIT", 1]]
  ↳ /home/vlada/.rvm/gems/ruby-2.4.0/bin/rake:23
  [1m[35m (0.2ms)[0m  [1m[35mBEGIN[0m
  ↳ /home/vlada/.rvm/gems/ruby-2.4.0/bin/rake:23
  [1m[36mActiveRecord::InternalMetadata Create (0.4ms)[0m  [1m[32mINSERT INTO "ar_internal_metadata" ("key", "value", "created_at", "updated_at") VALUES ($1, $2, $3, $4) RETURNING "key"[0m  [["key", "environment"], ["value", "development"], ["created_at", "2018-08-13 14:25:16.715481"], ["updated_at", "2018-08-13 14:25:16.715481"]]
  ↳ /home/vlada/.rvm/gems/ruby-2.4.0/bin/rake:23
  [1m[35m (21.5ms)[0m  [1m[35mCOMMIT[0m
  ↳ /home/vlada/.rvm/gems/ruby-2.4.0/bin/rake:23
  [1m[35m (0.2ms)[0m  [1m[34mSELECT pg_advisory_unlock(7798609168987932225)[0m
  ↳ /home/vlada/.rvm/gems/ruby-2.4.0/bin/rake:23
  [1m[35m (0.3ms)[0m  [1m[34mSELECT "schema_migrations"."version" FROM "schema_migrations" ORDER BY "schema_migrations"."version" ASC[0m
  ↳ /home/vlada/.rvm/gems/ruby-2.4.0/bin/rake:23
  [1m[35m (0.5ms)[0m  [1m[34mSELECT "schema_migrations"."version" FROM "schema_migrations" ORDER BY "schema_migrations"."version" ASC[0m
  ↳ /home/vlada/.rvm/gems/ruby-2.4.0/bin/rake:23
  [1m[35m (0.2ms)[0m  [1m[35mBEGIN[0m
  ↳ db/seeds.rb:4
  [1m[35m (0.2ms)[0m  [1m[31mROLLBACK[0m
  ↳ db/seeds.rb:4
  [1m[35m (0.6ms)[0m  [1m[34mSELECT "schema_migrations"."version" FROM "schema_migrations" ORDER BY "schema_migrations"."version" ASC[0m
  ↳ bin/rails:9
  [1m[35m (0.2ms)[0m  [1m[35mBEGIN[0m
  ↳ db/seeds.rb:4
  [1m[35m (0.3ms)[0m  [1m[31mROLLBACK[0m
  ↳ db/seeds.rb:4
  [1m[35m (0.5ms)[0m  [1m[34mSELECT "schema_migrations"."version" FROM "schema_migrations" ORDER BY "schema_migrations"."version" ASC[0m
  ↳ bin/rails:9
  [1m[35m (0.3ms)[0m  [1m[35mBEGIN[0m
  ↳ db/seeds.rb:4
  [1m[35m (0.3ms)[0m  [1m[31mROLLBACK[0m
  ↳ db/seeds.rb:4
  [1m[35m (0.6ms)[0m  [1m[34mSELECT "schema_migrations"."version" FROM "schema_migrations" ORDER BY "schema_migrations"."version" ASC[0m
  ↳ bin/rails:9
  [1m[35m (0.3ms)[0m  [1m[35mBEGIN[0m
  ↳ db/seeds.rb:4
  [1m[35m (0.3ms)[0m  [1m[31mROLLBACK[0m
  ↳ db/seeds.rb:4
  [1m[35m (0.5ms)[0m  [1m[34mSELECT "schema_migrations"."version" FROM "schema_migrations" ORDER BY "schema_migrations"."version" ASC[0m
  ↳ bin/rails:9
  [1m[35m (0.2ms)[0m  [1m[35mBEGIN[0m
  ↳ db/seeds.rb:4
  [1m[35m (0.2ms)[0m  [1m[31mROLLBACK[0m
  ↳ db/seeds.rb:4
  [1m[35m (0.5ms)[0m  [1m[34mSELECT "schema_migrations"."version" FROM "schema_migrations" ORDER BY "schema_migrations"."version" ASC[0m
  ↳ bin/rails:9
  [1m[35m (0.3ms)[0m  [1m[35mBEGIN[0m
  ↳ db/seeds.rb:4
  [1m[36mUser Exists (0.7ms)[0m  [1m[34mSELECT  1 AS one FROM "users" WHERE "users"."email" = $1 LIMIT $2[0m  [["email", "vova@gmail.com"], ["LIMIT", 1]]
  ↳ db/seeds.rb:4
  [1m[35m (0.3ms)[0m  [1m[31mROLLBACK[0m
  ↳ db/seeds.rb:4
  [1m[35m (0.4ms)[0m  [1m[34mSELECT "schema_migrations"."version" FROM "schema_migrations" ORDER BY "schema_migrations"."version" ASC[0m
  ↳ bin/rails:9
  [1m[35m (0.2ms)[0m  [1m[35mBEGIN[0m
  ↳ db/seeds.rb:4
  [1m[36mUser Exists (0.5ms)[0m  [1m[34mSELECT  1 AS one FROM "users" WHERE "users"."email" = $1 LIMIT $2[0m  [["email", "vova@gmail.com"], ["LIMIT", 1]]
  ↳ db/seeds.rb:4
  [1m[35m (0.2ms)[0m  [1m[31mROLLBACK[0m
  ↳ db/seeds.rb:4
  [1m[35m (0.6ms)[0m  [1m[34mSELECT "schema_migrations"."version" FROM "schema_migrations" ORDER BY "schema_migrations"."version" ASC[0m
  ↳ bin/rails:9
  [1m[35m (0.2ms)[0m  [1m[35mBEGIN[0m
  ↳ db/seeds.rb:4
  [1m[36mUser Exists (0.7ms)[0m  [1m[34mSELECT  1 AS one FROM "users" WHERE "users"."email" = $1 LIMIT $2[0m  [["email", "vova@gmail.com"], ["LIMIT", 1]]
  ↳ db/seeds.rb:4
  [1m[36mUser Create (0.6ms)[0m  [1m[32mINSERT INTO "users" ("name", "email", "created_at", "updated_at", "encrypted_password") VALUES ($1, $2, $3, $4, $5) RETURNING "id"[0m  [["name", "Volodymyr"], ["email", "vova@gmail.com"], ["created_at", "2018-08-13 14:37:19.643421"], ["updated_at", "2018-08-13 14:37:19.643421"], ["encrypted_password", "$2a$11$vP5UfjwALCoPjCrVpptdoe9pldusl5Mx/xx6pQlLFx1g80JXjxaIq"]]
  ↳ db/seeds.rb:4
  [1m[35m (17.8ms)[0m  [1m[35mCOMMIT[0m
  ↳ db/seeds.rb:4
  [1m[35m (0.3ms)[0m  [1m[35mBEGIN[0m
  ↳ db/seeds.rb:8
  [1m[36mUser Load (0.4ms)[0m  [1m[34mSELECT  "users".* FROM "users" WHERE "users"."id" = $1 LIMIT $2[0m  [["id", 1], ["LIMIT", 1]]
  ↳ db/seeds.rb:8
  [1m[36mAccount Create (0.7ms)[0m  [1m[32mINSERT INTO "accounts" ("user_id", "currency", "created_at", "updated_at") VALUES ($1, $2, $3, $4) RETURNING "id"[0m  [["user_id", 1], ["currency", "uah"], ["created_at", "2018-08-13 14:37:19.677623"], ["updated_at", "2018-08-13 14:37:19.677623"]]
  ↳ db/seeds.rb:8
  [1m[35m (5.7ms)[0m  [1m[35mCOMMIT[0m
  ↳ db/seeds.rb:8
  [1m[35m (0.2ms)[0m  [1m[35mBEGIN[0m
  ↳ db/seeds.rb:8
  [1m[36mUser Load (0.4ms)[0m  [1m[34mSELECT  "users".* FROM "users" WHERE "users"."id" = $1 LIMIT $2[0m  [["id", 1], ["LIMIT", 1]]
  ↳ db/seeds.rb:8
  [1m[36mAccount Create (0.5ms)[0m  [1m[32mINSERT INTO "accounts" ("user_id", "currency", "created_at", "updated_at") VALUES ($1, $2, $3, $4) RETURNING "id"[0m  [["user_id", 1], ["currency", "usd"], ["created_at", "2018-08-13 14:37:19.686939"], ["updated_at", "2018-08-13 14:37:19.686939"]]
  ↳ db/seeds.rb:8
  [1m[35m (8.3ms)[0m  [1m[35mCOMMIT[0m
  ↳ db/seeds.rb:8
  [1m[35m (0.3ms)[0m  [1m[35mBEGIN[0m
  ↳ db/seeds.rb:4
  [1m[36mUser Exists (0.4ms)[0m  [1m[34mSELECT  1 AS one FROM "users" WHERE "users"."email" = $1 LIMIT $2[0m  [["email", "ira@gmail.com"], ["LIMIT", 1]]
  ↳ db/seeds.rb:4
  [1m[36mUser Create (0.4ms)[0m  [1m[32mINSERT INTO "users" ("name", "email", "created_at", "updated_at", "encrypted_password") VALUES ($1, $2, $3, $4, $5) RETURNING "id"[0m  [["name", "Iryna"], ["email", "ira@gmail.com"], ["created_at", "2018-08-13 14:37:19.847778"], ["updated_at", "2018-08-13 14:37:19.847778"], ["encrypted_password", "$2a$11$xd7r9YhM1VqAkCmcBjHL1.F4QffPNzshL8Pepn/7TG8xXn72V.wMe"]]
  ↳ db/seeds.rb:4
  [1m[35m (2.9ms)[0m  [1m[35mCOMMIT[0m
  ↳ db/seeds.rb:4
  [1m[35m (0.4ms)[0m  [1m[35mBEGIN[0m
  ↳ db/seeds.rb:8
  [1m[36mUser Load (0.6ms)[0m  [1m[34mSELECT  "users".* FROM "users" WHERE "users"."id" = $1 LIMIT $2[0m  [["id", 2], ["LIMIT", 1]]
  ↳ db/seeds.rb:8
  [1m[36mAccount Create (0.7ms)[0m  [1m[32mINSERT INTO "accounts" ("user_id", "currency", "created_at", "updated_at") VALUES ($1, $2, $3, $4) RETURNING "id"[0m  [["user_id", 2], ["currency", "uah"], ["created_at", "2018-08-13 14:37:19.855580"], ["updated_at", "2018-08-13 14:37:19.855580"]]
  ↳ db/seeds.rb:8
  [1m[35m (5.6ms)[0m  [1m[35mCOMMIT[0m
  ↳ db/seeds.rb:8
  [1m[35m (0.3ms)[0m  [1m[35mBEGIN[0m
  ↳ db/seeds.rb:8
  [1m[36mUser Load (0.4ms)[0m  [1m[34mSELECT  "users".* FROM "users" WHERE "users"."id" = $1 LIMIT $2[0m  [["id", 2], ["LIMIT", 1]]
  ↳ db/seeds.rb:8
  [1m[36mAccount Create (0.5ms)[0m  [1m[32mINSERT INTO "accounts" ("user_id", "currency", "created_at", "updated_at") VALUES ($1, $2, $3, $4) RETURNING "id"[0m  [["user_id", 2], ["currency", "usd"], ["created_at", "2018-08-13 14:37:19.865242"], ["updated_at", "2018-08-13 14:37:19.865242"]]
  ↳ db/seeds.rb:8
  [1m[35m (7.5ms)[0m  [1m[35mCOMMIT[0m
  ↳ db/seeds.rb:8
  [1m[35m (0.3ms)[0m  [1m[35mBEGIN[0m
  ↳ db/seeds.rb:4
  [1m[36mUser Exists (0.4ms)[0m  [1m[34mSELECT  1 AS one FROM "users" WHERE "users"."email" = $1 LIMIT $2[0m  [["email", "boh@gmail.com"], ["LIMIT", 1]]
  ↳ db/seeds.rb:4
  [1m[36mUser Create (0.4ms)[0m  [1m[32mINSERT INTO "users" ("name", "email", "created_at", "updated_at", "encrypted_password") VALUES ($1, $2, $3, $4, $5) RETURNING "id"[0m  [["name", "Bohdan"], ["email", "boh@gmail.com"], ["created_at", "2018-08-13 14:37:20.013280"], ["updated_at", "2018-08-13 14:37:20.013280"], ["encrypted_password", "$2a$11$c7.2GaKfJqEn2NBbpK1XFezMg1T7jpdLBGSqCk.0jOn4.bW68Isj6"]]
  ↳ db/seeds.rb:4
  [1m[35m (3.9ms)[0m  [1m[35mCOMMIT[0m
  ↳ db/seeds.rb:4
  [1m[35m (0.1ms)[0m  [1m[35mBEGIN[0m
  ↳ db/seeds.rb:8
  [1m[36mUser Load (0.2ms)[0m  [1m[34mSELECT  "users".* FROM "users" WHERE "users"."id" = $1 LIMIT $2[0m  [["id", 3], ["LIMIT", 1]]
  ↳ db/seeds.rb:8
  [1m[36mAccount Create (0.5ms)[0m  [1m[32mINSERT INTO "accounts" ("user_id", "currency", "created_at", "updated_at") VALUES ($1, $2, $3, $4) RETURNING "id"[0m  [["user_id", 3], ["currency", "uah"], ["created_at", "2018-08-13 14:37:20.020107"], ["updated_at", "2018-08-13 14:37:20.020107"]]
  ↳ db/seeds.rb:8
  [1m[35m (8.2ms)[0m  [1m[35mCOMMIT[0m
  ↳ db/seeds.rb:8
  [1m[35m (0.3ms)[0m  [1m[35mBEGIN[0m
  ↳ db/seeds.rb:8
  [1m[36mUser Load (0.4ms)[0m  [1m[34mSELECT  "users".* FROM "users" WHERE "users"."id" = $1 LIMIT $2[0m  [["id", 3], ["LIMIT", 1]]
  ↳ db/seeds.rb:8
  [1m[36mAccount Create (0.5ms)[0m  [1m[32mINSERT INTO "accounts" ("user_id", "currency", "created_at", "updated_at") VALUES ($1, $2, $3, $4) RETURNING "id"[0m  [["user_id", 3], ["currency", "usd"], ["created_at", "2018-08-13 14:37:20.031562"], ["updated_at", "2018-08-13 14:37:20.031562"]]
  ↳ db/seeds.rb:8
  [1m[35m (8.0ms)[0m  [1m[35mCOMMIT[0m
  ↳ db/seeds.rb:8
  [1m[36mUser Load (0.7ms)[0m  [1m[34mSELECT  "users".* FROM "users" LIMIT $1[0m  [["LIMIT", 11]]
  [1m[36mUser Load (1.4ms)[0m  [1m[34mSELECT  "users".* FROM "users" ORDER BY "users"."id" ASC LIMIT $1[0m  [["LIMIT", 1]]
Started GET "/" for 127.0.0.1 at 2018-08-13 17:38:13 +0300
  [1m[35m (0.5ms)[0m  [1m[34mSELECT "schema_migrations"."version" FROM "schema_migrations" ORDER BY "schema_migrations"."version" ASC[0m
  ↳ /home/vlada/.rvm/gems/ruby-2.4.0/gems/activerecord-5.2.1/lib/active_record/log_subscriber.rb:98
Processing by AccountsController#index as HTML
  [1m[36mUser Load (0.7ms)[0m  [1m[34mSELECT  "users".* FROM "users" WHERE "users"."id" = $1 ORDER BY "users"."id" ASC LIMIT $2[0m  [["id", 13], ["LIMIT", 1]]
  ↳ /home/vlada/.rvm/gems/ruby-2.4.0/gems/activerecord-5.2.1/lib/active_record/log_subscriber.rb:98
Completed 401 Unauthorized in 18ms (ActiveRecord: 4.3ms)


Started GET "/users/sign_in" for 127.0.0.1 at 2018-08-13 17:38:13 +0300
Processing by Devise::SessionsController#new as HTML
  Rendering /home/vlada/.rvm/gems/ruby-2.4.0/gems/devise-4.4.3/app/views/devise/sessions/new.html.erb within layouts/application
  Rendered /home/vlada/.rvm/gems/ruby-2.4.0/gems/devise-4.4.3/app/views/devise/shared/_links.html.erb (1.0ms)
  Rendered /home/vlada/.rvm/gems/ruby-2.4.0/gems/devise-4.4.3/app/views/devise/sessions/new.html.erb within layouts/application (6.0ms)
Completed 200 OK in 198ms (Views: 184.4ms | ActiveRecord: 0.0ms)


Started POST "/users/sign_in" for 127.0.0.1 at 2018-08-13 17:38:29 +0300
Processing by Devise::SessionsController#create as HTML
  Parameters: {"utf8"=>"✓", "authenticity_token"=>"TdJbZwzy/gwOk6eq+oM7p2drjxz5kd1/njX8dGyLihnyj39InBWpgSjNSO2c1wPsq36tQE8goIPLYBzTsXQQUA==", "user"=>{"email"=>"vova@gmail.com", "password"=>"[FILTERED]", "remember_me"=>"0"}, "commit"=>"Log in"}
  [1m[36mUser Load (1.0ms)[0m  [1m[34mSELECT  "users".* FROM "users" WHERE "users"."email" = $1 ORDER BY "users"."id" ASC LIMIT $2[0m  [["email", "vova@gmail.com"], ["LIMIT", 1]]
  ↳ /home/vlada/.rvm/gems/ruby-2.4.0/gems/activerecord-5.2.1/lib/active_record/log_subscriber.rb:98
  [1m[35m (0.2ms)[0m  [1m[35mBEGIN[0m
  ↳ /home/vlada/.rvm/gems/ruby-2.4.0/gems/activerecord-5.2.1/lib/active_record/log_subscriber.rb:98
  [1m[36mUser Update (0.5ms)[0m  [1m[33mUPDATE "users" SET "current_sign_in_at" = $1, "last_sign_in_at" = $2, "current_sign_in_ip" = $3, "last_sign_in_ip" = $4, "sign_in_count" = $5, "updated_at" = $6 WHERE "users"."id" = $7[0m  [["current_sign_in_at", "2018-08-13 14:38:29.715633"], ["last_sign_in_at", "2018-08-13 14:38:29.715633"], ["current_sign_in_ip", "127.0.0.1/32"], ["last_sign_in_ip", "127.0.0.1/32"], ["sign_in_count", 1], ["updated_at", "2018-08-13 14:38:29.716778"], ["id", 1]]
  ↳ /home/vlada/.rvm/gems/ruby-2.4.0/gems/activerecord-5.2.1/lib/active_record/log_subscriber.rb:98
  [1m[35m (16.3ms)[0m  [1m[35mCOMMIT[0m
  ↳ /home/vlada/.rvm/gems/ruby-2.4.0/gems/activerecord-5.2.1/lib/active_record/log_subscriber.rb:98
Redirected to http://localhost:3000/
Completed 302 Found in 170ms (ActiveRecord: 17.9ms)


Started GET "/" for 127.0.0.1 at 2018-08-13 17:38:29 +0300
Processing by AccountsController#index as HTML
  [1m[36mUser Load (0.4ms)[0m  [1m[34mSELECT  "users".* FROM "users" WHERE "users"."id" = $1 ORDER BY "users"."id" ASC LIMIT $2[0m  [["id", 1], ["LIMIT", 1]]
  ↳ /home/vlada/.rvm/gems/ruby-2.4.0/gems/activerecord-5.2.1/lib/active_record/log_subscriber.rb:98
  Rendering accounts/index.html.erb within layouts/application
  [1m[36mAccount Load (0.6ms)[0m  [1m[34mSELECT "accounts".* FROM "accounts"[0m
  ↳ app/views/accounts/index.html.erb:16
  [1m[36mUser Load (0.3ms)[0m  [1m[34mSELECT  "users".* FROM "users" WHERE "users"."id" = $1 LIMIT $2[0m  [["id", 1], ["LIMIT", 1]]
  ↳ app/views/accounts/index.html.erb:18
  [1m[36mCACHE User Load (0.0ms)[0m  [1m[34mSELECT  "users".* FROM "users" WHERE "users"."id" = $1 LIMIT $2[0m  [["id", 1], ["LIMIT", 1]]
  ↳ app/views/accounts/index.html.erb:18
  [1m[36mUser Load (0.4ms)[0m  [1m[34mSELECT  "users".* FROM "users" WHERE "users"."id" = $1 LIMIT $2[0m  [["id", 2], ["LIMIT", 1]]
  ↳ app/views/accounts/index.html.erb:18
  [1m[36mCACHE User Load (0.0ms)[0m  [1m[34mSELECT  "users".* FROM "users" WHERE "users"."id" = $1 LIMIT $2[0m  [["id", 2], ["LIMIT", 1]]
  ↳ app/views/accounts/index.html.erb:18
  [1m[36mUser Load (0.4ms)[0m  [1m[34mSELECT  "users".* FROM "users" WHERE "users"."id" = $1 LIMIT $2[0m  [["id", 3], ["LIMIT", 1]]
  ↳ app/views/accounts/index.html.erb:18
  [1m[36mCACHE User Load (0.0ms)[0m  [1m[34mSELECT  "users".* FROM "users" WHERE "users"."id" = $1 LIMIT $2[0m  [["id", 3], ["LIMIT", 1]]
  ↳ app/views/accounts/index.html.erb:18
  Rendered accounts/index.html.erb within layouts/application (22.7ms)
Completed 200 OK in 56ms (Views: 43.4ms | ActiveRecord: 6.7ms)


Started GET "/" for 127.0.0.1 at 2018-08-13 17:40:51 +0300
Processing by AccountsController#index as HTML
  [1m[36mUser Load (0.4ms)[0m  [1m[34mSELECT  "users".* FROM "users" WHERE "users"."id" = $1 ORDER BY "users"."id" ASC LIMIT $2[0m  [["id", 1], ["LIMIT", 1]]
  ↳ /home/vlada/.rvm/gems/ruby-2.4.0/gems/activerecord-5.2.1/lib/active_record/log_subscriber.rb:98
  Rendering accounts/index.html.erb within layouts/application
  [1m[36mAccount Load (0.2ms)[0m  [1m[34mSELECT "accounts".* FROM "accounts" WHERE "accounts"."user_id" = $1[0m  [["user_id", 1]]
  ↳ app/views/accounts/index.html.erb:16
  Rendered accounts/index.html.erb within layouts/application (10.8ms)
Completed 200 OK in 52ms (Views: 22.9ms | ActiveRecord: 6.5ms)


Started GET "/" for 127.0.0.1 at 2018-08-13 17:41:29 +0300
Processing by AccountsController#index as HTML
  [1m[36mUser Load (0.4ms)[0m  [1m[34mSELECT  "users".* FROM "users" WHERE "users"."id" = $1 ORDER BY "users"."id" ASC LIMIT $2[0m  [["id", 1], ["LIMIT", 1]]
  ↳ /home/vlada/.rvm/gems/ruby-2.4.0/gems/activerecord-5.2.1/lib/active_record/log_subscriber.rb:98
  Rendering accounts/index.html.erb within layouts/application
  [1m[36mAccount Load (0.4ms)[0m  [1m[34mSELECT "accounts".* FROM "accounts" WHERE "accounts"."user_id" = $1[0m  [["user_id", 1]]
  ↳ app/views/accounts/index.html.erb:16
  Rendered accounts/index.html.erb within layouts/application (2.8ms)
Completed 200 OK in 30ms (Views: 27.1ms | ActiveRecord: 0.8ms)


